#
# A fatal error has been detected by the Java Runtime Environment:
#
#  SIGSEGV (0xb) at pc=0x00007f0488295697, pid=4530, tid=4548
#
# JRE version: Java(TM) SE Runtime Environment (9.0+181) (build 9+181)
# Java VM: Java HotSpot(TM) 64-Bit Server VM (9+181, mixed mode, tiered, compressed oops, g1 gc, linux-amd64)
# Problematic frame:
# V  [libjvm.so+0xbcf697]  PhaseChaitin::post_allocate_copy_removal()+0x9c7
#
# Core dump will be written. Default location: Core dumps may be processed with "/usr/share/apport/apport %p %s %c %d %P" (or dumping to /home/chandru/Backup/Dev/pract/java/30days/core.4530)
#
# If you would like to submit a bug report, please visit:
#   http://bugreport.java.com/bugreport/crash.jsp
#

---------------  S U M M A R Y ------------

Command Line: --add-modules=ALL-SYSTEM --add-opens=java.base/java.util=ALL-UNNAMED --add-opens=java.base/java.lang=ALL-UNNAMED -Declipse.application=org.eclipse.jdt.ls.core.id1 -Dosgi.bundles.defaultStartLevel=4 -Declipse.product=org.eclipse.jdt.ls.core.product -Xverify:none -Xmx1G -XX:+UseG1GC -XX:+UseStringDeduplication /home/chandru/.vscode/extensions/redhat.java-0.15.0/server/plugins/org.eclipse.equinox.launcher_1.4.0.v20161219-1356.jar -configuration /home/chandru/.vscode/extensions/redhat.java-0.15.0/server/config_linux -data /home/chandru/.config/Code/User/workspaceStorage/eb80eea0ba24351ec162cf269c5d9f07/redhat.java/jdt_ws

Host: Intel(R) Core(TM) i5-2430M CPU @ 2.40GHz, 4 cores, 7G, Ubuntu 16.04.2 LTS
Time: Sat Dec 16 11:10:12 2017 IST elapsed time: 6 seconds (0d 0h 0m 6s)

---------------  T H R E A D  ---------------

Current thread (0x00007f048019e000):  JavaThread "C2 CompilerThread0" daemon [_thread_in_native, id=4548, stack(0x00007f0464045000,0x00007f0464146000)]


Current CompileTask:
C2:   6440 4079   !   4       java.nio.file.FileTreeWalker::next (144 bytes)

Stack: [0x00007f0464045000,0x00007f0464146000],  sp=0x00007f0464141590,  free space=1009k
Native frames: (J=compiled Java code, A=aot compiled Java code, j=interpreted, Vv=VM code, C=native code)
V  [libjvm.so+0xbcf697]  PhaseChaitin::post_allocate_copy_removal()+0x9c7
V  [libjvm.so+0x55710f]  PhaseChaitin::Register_Allocate()+0xb5f
V  [libjvm.so+0x60679b]  Compile::Code_Gen()+0x1db
V  [libjvm.so+0x60a606]  Compile::Compile(ciEnv*, C2Compiler*, ciMethod*, int, bool, bool, bool, DirectiveSet*)+0x10b6
V  [libjvm.so+0x534b72]  C2Compiler::compile_method(ciEnv*, ciMethod*, int, DirectiveSet*)+0x1d2
V  [libjvm.so+0x6125ac]  CompileBroker::invoke_compiler_on_method(CompileTask*)+0x41c
V  [libjvm.so+0x61344b]  CompileBroker::compiler_thread_loop()+0x28b
V  [libjvm.so+0xceee18]  JavaThread::thread_main_inner()+0xd8
V  [libjvm.so+0xb6ddd2]  thread_native_entry(Thread*)+0xf2
C  [libpthread.so.0+0x76ba]  start_thread+0xca


siginfo: si_signo: 11 (SIGSEGV), si_code: 128 (SI_KERNEL), si_addr: 0x0000000000000000

Register to memory mapping:

RAX=0x0000000000000001 is an unknown value
RBX=0x000000000000000c is an unknown value
RCX=0x00007f0418423a40 is an unknown value
RDX=0x9800007f04192dbd is an unknown value
RSP=0x00007f0464141590 is pointing into the stack for thread: 0x00007f048019e000
RBP=0x00007f0464141740 is pointing into the stack for thread: 0x00007f048019e000
RSI=0x00007f041d24a190 is an unknown value
RDI=0x00007f0464141b20 is pointing into the stack for thread: 0x00007f048019e000
R8 =0x00007f04192dbd61 is an unknown value
R9 =0x00007f0464141b20 is pointing into the stack for thread: 0x00007f048019e000
R10=0x00007f041025e630 is an unknown value
R11=0x0000000000000001 is an unknown value
R12=0x00007f04192dbd61 is an unknown value
R13=0x0000000000000001 is an unknown value
R14=0x00007f041025e670 is an unknown value
R15=0x00007f041025e670 is an unknown value


Registers:
RAX=0x0000000000000001, RBX=0x000000000000000c, RCX=0x00007f0418423a40, RDX=0x9800007f04192dbd
RSP=0x00007f0464141590, RBP=0x00007f0464141740, RSI=0x00007f041d24a190, RDI=0x00007f0464141b20
R8 =0x00007f04192dbd61, R9 =0x00007f0464141b20, R10=0x00007f041025e630, R11=0x0000000000000001
R12=0x00007f04192dbd61, R13=0x0000000000000001, R14=0x00007f041025e670, R15=0x00007f041025e670
RIP=0x00007f0488295697, EFLAGS=0x0000000000010216, CSGSFS=0x002b000000000033, ERR=0x0000000000000000
  TRAPNO=0x000000000000000d

Top of Stack: (sp=0x00007f0464141590)
0x00007f0464141590:   00007f0464141630 00007f0464141650
0x00007f04641415a0:   0000000000216c18 00007f041c935b68
0x00007f04641415b0:   00007f041c9343d0 00007f0464141630
0x00007f04641415c0:   00007f041c92db80 00007f048016d520 

Instructions: (pc=0x00007f0488295697)
0x00007f0488295677:   00 0f 86 81 0e 00 00 4c 8b 95 e0 fe ff ff 4d 89
0x00007f0488295687:   f9 4d 89 e0 4d 89 f7 66 90 49 8b 50 08 44 89 e8
0x00007f0488295697:   48 8b 1c c2 48 85 db 0f 84 5e 05 00 00 48 63 43
0x00007f04882956a7:   28 49 8b 91 28 01 00 00 8b 04 82 85 c0 0f 84 a5 


---------------  P R O C E S S  ---------------

Java Threads: ( => current thread )
  0x00007f03e07b0000 JavaThread "Bundle File Closer" daemon [_thread_blocked, id=4605, stack(0x00007f03fd9e1000,0x00007f03fdae2000)]
  0x00007f03ec015800 JavaThread "Worker-3" [_thread_blocked, id=4599, stack(0x00007f03fe2e2000,0x00007f03fe3e3000)]
  0x00007f04806cb000 JavaThread "pool-1-thread-1" [_thread_blocked, id=4592, stack(0x00007f03fe5e3000,0x00007f03fe6e4000)]
  0x00007f0480656000 JavaThread "pool-2-thread-1" [_thread_blocked, id=4591, stack(0x00007f03fe8e4000,0x00007f03fe9e5000)]
  0x000000000253b000 JavaThread "Worker-2" [_thread_blocked, id=4590, stack(0x00007f03febe5000,0x00007f03fece6000)]
  0x00007f03ec009000 JavaThread "Worker-1" [_thread_blocked, id=4589, stack(0x00007f03fece6000,0x00007f03fede7000)]
  0x00007f03f435c000 JavaThread "Java indexing" daemon [_thread_blocked, id=4588, stack(0x00007f03fede7000,0x00007f03feee8000)]
  0x00007f03f41d8800 JavaThread "Worker-0" [_thread_blocked, id=4587, stack(0x00007f03ff0e8000,0x00007f03ff1e9000)]
  0x00007f03f409f800 JavaThread "Worker-JM" [_thread_blocked, id=4586, stack(0x00007f03ff5e9000,0x00007f03ff6ea000)]
  0x00007f0480649800 JavaThread "Start Level: Equinox Container: 364b3574-32be-4ab2-9ed6-bf422e6a4807" daemon [_thread_blocked, id=4585, stack(0x00007f03ffafd000,0x00007f03ffbfe000)]
  0x00007f0480625800 JavaThread "Framework Event Dispatcher: org.eclipse.osgi.internal.framework.EquinoxEventPublisher@23e84203" daemon [_thread_blocked, id=4584, stack(0x00007f03ffbfe000,0x00007f03ffcff000)]
  0x00007f04805c5800 JavaThread "Active Thread: Equinox Container: 364b3574-32be-4ab2-9ed6-bf422e6a4807" [_thread_blocked, id=4583, stack(0x00007f03ffcff000,0x00007f03ffe00000)]
  0x00007f04803d8000 JavaThread "process reaper" daemon [_thread_blocked, id=4582, stack(0x00007f0489696000,0x00007f04896b8000)]
  0x00007f0480324800 JavaThread "Service Thread" daemon [_thread_blocked, id=4573, stack(0x00007f043c3fb000,0x00007f043c4fc000)]
  0x00007f0480203800 JavaThread "Common-Cleaner" daemon [_thread_blocked, id=4552, stack(0x00007f043c4fc000,0x00007f043c5fd000)]
  0x00007f04801a4000 JavaThread "Sweeper thread" daemon [_thread_blocked, id=4551, stack(0x00007f043ca25000,0x00007f043cb26000)]
  0x00007f04801a2000 JavaThread "C1 CompilerThread2" daemon [_thread_blocked, id=4550, stack(0x00007f043cb26000,0x00007f043cc27000)]
  0x00007f04801a0000 JavaThread "C2 CompilerThread1" daemon [_thread_blocked, id=4549, stack(0x00007f043cc27000,0x00007f043cd28000)]
=>0x00007f048019e000 JavaThread "C2 CompilerThread0" daemon [_thread_in_native, id=4548, stack(0x00007f0464045000,0x00007f0464146000)]
  0x00007f048019c000 JavaThread "Signal Dispatcher" daemon [_thread_blocked, id=4547, stack(0x00007f0464146000,0x00007f0464247000)]
  0x00007f048017c800 JavaThread "Finalizer" daemon [_thread_blocked, id=4546, stack(0x00007f0464247000,0x00007f0464348000)]
  0x00007f0480173800 JavaThread "Reference Handler" daemon [_thread_blocked, id=4545, stack(0x00007f04840a5000,0x00007f04841a6000)]
  0x00007f0480012800 JavaThread "main" [_thread_blocked, id=4531, stack(0x00007f0489754000,0x00007f0489854000)]

Other Threads:
  0x00007f048016a000 VMThread "VM Thread" [stack: 0x00007f04841a7000,0x00007f04842a7000] [id=4544]
  0x00007f0480347800 WatcherThread [stack: 0x00007f043c2fb000,0x00007f043c3fb000] [id=4575]
  0x00007f0480029800 GCTaskThread "GC Thread#0" [stack: 0x00007f0485e31000,0x00007f0485f31000] [id=4532]
  0x00007f048002b000 GCTaskThread "GC Thread#1" [stack: 0x00007f0485d30000,0x00007f0485e30000] [id=4533]
  0x00007f048002d000 GCTaskThread "GC Thread#2" [stack: 0x00007f0485c2f000,0x00007f0485d2f000] [id=4534]
  0x00007f048002e800 GCTaskThread "GC Thread#3" [stack: 0x00007f0485b2e000,0x00007f0485c2e000] [id=4535]
  0x00007f048006f800 ConcurrentGCThread "G1 Main Marker" [stack: 0x00007f0484924000,0x00007f0484a24000] [id=4541]
  0x00007f0480071800 ConcurrentGCThread "G1 Marker#0" [stack: 0x00007f0484823000,0x00007f0484923000] [id=4542]
  0x00007f0480036000 ConcurrentGCThread "G1 Refine#0" [stack: 0x00007f0485326000,0x00007f0485426000] [id=4539]
  0x00007f0480034000 ConcurrentGCThread "G1 Refine#1" [stack: 0x00007f0485427000,0x00007f0485527000] [id=4538]
  0x00007f0480032800 ConcurrentGCThread "G1 Refine#2" [stack: 0x00007f0485528000,0x00007f0485628000] [id=4537]
  0x00007f0480030800 ConcurrentGCThread "G1 Refine#3" [stack: 0x00007f0485629000,0x00007f0485729000] [id=4536]
  0x00007f0480037800 ConcurrentGCThread "G1 Young RemSet Sampling" [stack: 0x00007f0485225000,0x00007f0485325000] [id=4540]
  0x00007f04800db800 ConcurrentGCThread "G1 StrDedup" [stack: 0x00007f048431e000,0x00007f048441e000] [id=4543]

Threads with active compile tasks:
C1 CompilerThread24294       2       org.eclipse.jdt.internal.core.util.Util::getJavaLikeExtensions (199 bytes)
C2 CompilerThread14244       4       org.eclipse.jdt.internal.core.JarPackageFragmentRoot::initRawPackageInfo (349 bytes)
C2 CompilerThread04079   !   4       java.nio.file.FileTreeWalker::next (144 bytes)

VM state:at safepoint (normal execution)

VM Mutex/Monitor currently owned by a thread:  ([mutex/lock_event])
[0x00007f048000e7d0] Threads_lock - owner thread: 0x00007f048016a000
[0x00007f048000ed70] Heap_lock - owner thread: 0x00007f04806cb000

Heap address: 0x00000000c0000000, size: 1024 MB, Compressed Oops mode: 32-bit
Narrow klass base: 0x0000000000000000, Narrow klass shift: 3
Compressed class space size: 1073741824 Address: 0x0000000100000000

Heap:
 garbage-first heap   total 380928K, used 247712K [0x00000000c0000000, 0x00000000c0100ba0, 0x0000000100000000)
  region size 1024K, 237 young (242688K), 28 survivors (28672K)
 Metaspace       used 39012K, capacity 41724K, committed 41984K, reserved 1087488K
  class space    used 3990K, capacity 4748K, committed 4864K, reserved 1048576K
Heap Regions: E=young(eden), S=young(survivor), O=old, HS=humongous(starts), HC=humongous(continues), CS=collection set, F=free, A=archive, TS=gc time stamp, AC=allocation context, TAMS=top-at-mark-start (previous, next)
|   0|0x00000000c0000000, 0x00000000c0100000, 0x00000000c0100000|100%| O|  |TS  0|AC  0|TAMS 0x00000000c0100000, 0x00000000c0100000|
|   1|0x00000000c0100000, 0x00000000c0200000, 0x00000000c0200000|100%| O|  |TS  0|AC  0|TAMS 0x00000000c0200000, 0x00000000c0200000|
|   2|0x00000000c0200000, 0x00000000c0300000, 0x00000000c0300000|100%| O|  |TS  0|AC  0|TAMS 0x00000000c0300000, 0x00000000c0300000|
|   3|0x00000000c0300000, 0x00000000c0400000, 0x00000000c0400000|100%| O|  |TS  0|AC  0|TAMS 0x00000000c0400000, 0x00000000c0400000|
|   4|0x00000000c0400000, 0x00000000c04e2e00, 0x00000000c0500000| 88%| O|  |TS  1|AC  0|TAMS 0x00000000c0400000, 0x00000000c0400000|
|   5|0x00000000c0500000, 0x00000000c0500000, 0x00000000c0600000|  0%| F|  |TS  0|AC  0|TAMS 0x00000000c0500000, 0x00000000c0500000|
|   6|0x00000000c0600000, 0x00000000c0600000, 0x00000000c0700000|  0%| F|  |TS  0|AC  0|TAMS 0x00000000c0600000, 0x00000000c0600000|
|   7|0x00000000c0700000, 0x00000000c0700000, 0x00000000c0800000|  0%| F|  |TS  0|AC  0|TAMS 0x00000000c0700000, 0x00000000c0700000|
|   8|0x00000000c0800000, 0x00000000c0900000, 0x00000000c0900000|100%| O|  |TS  0|AC  0|TAMS 0x00000000c0900000, 0x00000000c0900000|
|   9|0x00000000c0900000, 0x00000000c0a00000, 0x00000000c0a00000|100%| O|  |TS  0|AC  0|TAMS 0x00000000c0a00000, 0x00000000c0a00000|
|  10|0x00000000c0a00000, 0x00000000c0b00000, 0x00000000c0b00000|100%| O|  |TS  0|AC  0|TAMS 0x00000000c0b00000, 0x00000000c0b00000|
|  11|0x00000000c0b00000, 0x00000000c0b00000, 0x00000000c0c00000|  0%| F|  |TS  0|AC  0|TAMS 0x00000000c0b00000, 0x00000000c0b00000|
|  12|0x00000000c0c00000, 0x00000000c0d00000, 0x00000000c0d00000|100%| O|  |TS  0|AC  0|TAMS 0x00000000c0d00000, 0x00000000c0d00000|
|  13|0x00000000c0d00000, 0x00000000c0e00000, 0x00000000c0e00000|100%| O|  |TS  0|AC  0|TAMS 0x00000000c0e00000, 0x00000000c0e00000|
|  14|0x00000000c0e00000, 0x00000000c0f00000, 0x00000000c0f00000|100%| O|  |TS  0|AC  0|TAMS 0x00000000c0f00000, 0x00000000c0f00000|
|  15|0x00000000c0f00000, 0x00000000c1000000, 0x00000000c1000000|100%| O|  |TS  0|AC  0|TAMS 0x00000000c1000000, 0x00000000c1000000|
|  16|0x00000000c1000000, 0x00000000c1100000, 0x00000000c1100000|100%| O|  |TS  0|AC  0|TAMS 0x00000000c1100000, 0x00000000c1100000|
|  17|0x00000000c1100000, 0x00000000c1200000, 0x00000000c1200000|100%| O|  |TS  0|AC  0|TAMS 0x00000000c1200000, 0x00000000c1200000|
|  18|0x00000000c1200000, 0x00000000c1300000, 0x00000000c1300000|100%| O|  |TS  0|AC  0|TAMS 0x00000000c1300000, 0x00000000c1300000|
|  19|0x00000000c1300000, 0x00000000c1400000, 0x00000000c1400000|100%|HS|  |TS  0|AC  0|TAMS 0x00000000c1400000, 0x00000000c1400000|
|  20|0x00000000c1400000, 0x00000000c1500000, 0x00000000c1500000|100%| O|  |TS  0|AC  0|TAMS 0x00000000c1500000, 0x00000000c1500000|
|  21|0x00000000c1500000, 0x00000000c1600000, 0x00000000c1600000|100%| O|  |TS  0|AC  0|TAMS 0x00000000c1600000, 0x00000000c1600000|
|  22|0x00000000c1600000, 0x00000000c1700000, 0x00000000c1700000|100%| O|  |TS  0|AC  0|TAMS 0x00000000c1700000, 0x00000000c1700000|
|  23|0x00000000c1700000, 0x00000000c1700000, 0x00000000c1800000|  0%| F|  |TS  0|AC  0|TAMS 0x00000000c1700000, 0x00000000c1700000|
|  24|0x00000000c1800000, 0x00000000c1800000, 0x00000000c1900000|  0%| F|  |TS  0|AC  0|TAMS 0x00000000c1800000, 0x00000000c1800000|
|  25|0x00000000c1900000, 0x00000000c1a00000, 0x00000000c1a00000|100%|HS|  |TS  0|AC  0|TAMS 0x00000000c1900000, 0x00000000c1900000|
|  26|0x00000000c1a00000, 0x00000000c1a00000, 0x00000000c1b00000|  0%| F|  |TS  0|AC  0|TAMS 0x00000000c1a00000, 0x00000000c1a00000|
|  27|0x00000000c1b00000, 0x00000000c1b00000, 0x00000000c1c00000|  0%| F|  |TS  0|AC  0|TAMS 0x00000000c1b00000, 0x00000000c1b00000|
|  28|0x00000000c1c00000, 0x00000000c1c00000, 0x00000000c1d00000|  0%| F|  |TS  0|AC  0|TAMS 0x00000000c1c00000, 0x00000000c1c00000|
|  29|0x00000000c1d00000, 0x00000000c1d00000, 0x00000000c1e00000|  0%| F|  |TS  0|AC  0|TAMS 0x00000000c1d00000, 0x00000000c1d00000|
|  30|0x00000000c1e00000, 0x00000000c1e00000, 0x00000000c1f00000|  0%| F|  |TS  0|AC  0|TAMS 0x00000000c1e00000, 0x00000000c1e00000|
|  31|0x00000000c1f00000, 0x00000000c1f00000, 0x00000000c2000000|  0%| F|  |TS  0|AC  0|TAMS 0x00000000c1f00000, 0x00000000c1f00000|
|  32|0x00000000c2000000, 0x00000000c2000000, 0x00000000c2100000|  0%| F|  |TS  0|AC  0|TAMS 0x00000000c2000000, 0x00000000c2000000|
|  33|0x00000000c2100000, 0x00000000c2100000, 0x00000000c2200000|  0%| F|  |TS  0|AC  0|TAMS 0x00000000c2100000, 0x00000000c2100000|
|  34|0x00000000c2200000, 0x00000000c2200000, 0x00000000c2300000|  0%| F|  |TS  0|AC  0|TAMS 0x00000000c2200000, 0x00000000c2200000|
|  35|0x00000000c2300000, 0x00000000c2300000, 0x00000000c2400000|  0%| F|  |TS  0|AC  0|TAMS 0x00000000c2300000, 0x00000000c2300000|
|  36|0x00000000c2400000, 0x00000000c2400000, 0x00000000c2500000|  0%| F|  |TS  0|AC  0|TAMS 0x00000000c2400000, 0x00000000c2400000|
|  37|0x00000000c2500000, 0x00000000c2500000, 0x00000000c2600000|  0%| F|  |TS  0|AC  0|TAMS 0x00000000c2500000, 0x00000000c2500000|
|  38|0x00000000c2600000, 0x00000000c2600000, 0x00000000c2700000|  0%| F|  |TS  0|AC  0|TAMS 0x00000000c2600000, 0x00000000c2600000|
|  39|0x00000000c2700000, 0x00000000c2700000, 0x00000000c2800000|  0%| F|  |TS  0|AC  0|TAMS 0x00000000c2700000, 0x00000000c2700000|
|  40|0x00000000c2800000, 0x00000000c2800000, 0x00000000c2900000|  0%| F|  |TS  0|AC  0|TAMS 0x00000000c2800000, 0x00000000c2800000|
|  41|0x00000000c2900000, 0x00000000c2900000, 0x00000000c2a00000|  0%| F|  |TS  0|AC  0|TAMS 0x00000000c2900000, 0x00000000c2900000|
|  42|0x00000000c2a00000, 0x00000000c2a00000, 0x00000000c2b00000|  0%| F|  |TS  0|AC  0|TAMS 0x00000000c2a00000, 0x00000000c2a00000|
|  43|0x00000000c2b00000, 0x00000000c2b00000, 0x00000000c2c00000|  0%| F|  |TS  0|AC  0|TAMS 0x00000000c2b00000, 0x00000000c2b00000|
|  44|0x00000000c2c00000, 0x00000000c2c00000, 0x00000000c2d00000|  0%| F|  |TS  0|AC  0|TAMS 0x00000000c2c00000, 0x00000000c2c00000|
|  45|0x00000000c2d00000, 0x00000000c2d00000, 0x00000000c2e00000|  0%| F|  |TS  0|AC  0|TAMS 0x00000000c2d00000, 0x00000000c2d00000|
|  46|0x00000000c2e00000, 0x00000000c2e00000, 0x00000000c2f00000|  0%| F|  |TS  0|AC  0|TAMS 0x00000000c2e00000, 0x00000000c2e00000|
|  47|0x00000000c2f00000, 0x00000000c2f00000, 0x00000000c3000000|  0%| F|  |TS  0|AC  0|TAMS 0x00000000c2f00000, 0x00000000c2f00000|
|  48|0x00000000c3000000, 0x00000000c3000000, 0x00000000c3100000|  0%| F|  |TS  0|AC  0|TAMS 0x00000000c3000000, 0x00000000c3000000|
|  49|0x00000000c3100000, 0x00000000c3100000, 0x00000000c3200000|  0%| F|  |TS  0|AC  0|TAMS 0x00000000c3100000, 0x00000000c3100000|
|  50|0x00000000c3200000, 0x00000000c3200000, 0x00000000c3300000|  0%| F|  |TS  0|AC  0|TAMS 0x00000000c3200000, 0x00000000c3200000|
|  51|0x00000000c3300000, 0x00000000c3300000, 0x00000000c3400000|  0%| F|  |TS  0|AC  0|TAMS 0x00000000c3300000, 0x00000000c3300000|
|  52|0x00000000c3400000, 0x00000000c3400000, 0x00000000c3500000|  0%| F|  |TS  0|AC  0|TAMS 0x00000000c3400000, 0x00000000c3400000|
|  53|0x00000000c3500000, 0x00000000c3500000, 0x00000000c3600000|  0%| F|  |TS  0|AC  0|TAMS 0x00000000c3500000, 0x00000000c3500000|
|  54|0x00000000c3600000, 0x00000000c3600000, 0x00000000c3700000|  0%| F|  |TS  0|AC  0|TAMS 0x00000000c3600000, 0x00000000c3600000|
|  55|0x00000000c3700000, 0x00000000c3700000, 0x00000000c3800000|  0%| F|  |TS  0|AC  0|TAMS 0x00000000c3700000, 0x00000000c3700000|
|  56|0x00000000c3800000, 0x00000000c3800000, 0x00000000c3900000|  0%| F|  |TS  0|AC  0|TAMS 0x00000000c3800000, 0x00000000c3800000|
|  57|0x00000000c3900000, 0x00000000c3900000, 0x00000000c3a00000|  0%| F|  |TS  0|AC  0|TAMS 0x00000000c3900000, 0x00000000c3900000|
|  58|0x00000000c3a00000, 0x00000000c3a00000, 0x00000000c3b00000|  0%| F|  |TS  0|AC  0|TAMS 0x00000000c3a00000, 0x00000000c3a00000|
|  59|0x00000000c3b00000, 0x00000000c3b00000, 0x00000000c3c00000|  0%| F|  |TS  0|AC  0|TAMS 0x00000000c3b00000, 0x00000000c3b00000|
|  60|0x00000000c3c00000, 0x00000000c3c00000, 0x00000000c3d00000|  0%| F|  |TS  0|AC  0|TAMS 0x00000000c3c00000, 0x00000000c3c00000|
|  61|0x00000000c3d00000, 0x00000000c3d00000, 0x00000000c3e00000|  0%| F|  |TS  0|AC  0|TAMS 0x00000000c3d00000, 0x00000000c3d00000|
|  62|0x00000000c3e00000, 0x00000000c3e00000, 0x00000000c3f00000|  0%| F|  |TS  0|AC  0|TAMS 0x00000000c3e00000, 0x00000000c3e00000|
|  63|0x00000000c3f00000, 0x00000000c3f00000, 0x00000000c4000000|  0%| F|  |TS  0|AC  0|TAMS 0x00000000c3f00000, 0x00000000c3f00000|
|  64|0x00000000c4000000, 0x00000000c4000000, 0x00000000c4100000|  0%| F|  |TS  0|AC  0|TAMS 0x00000000c4000000, 0x00000000c4000000|
|  65|0x00000000c4100000, 0x00000000c4100000, 0x00000000c4200000|  0%| F|  |TS  0|AC  0|TAMS 0x00000000c4100000, 0x00000000c4100000|
|  66|0x00000000c4200000, 0x00000000c4200000, 0x00000000c4300000|  0%| F|  |TS  0|AC  0|TAMS 0x00000000c4200000, 0x00000000c4200000|
|  67|0x00000000c4300000, 0x00000000c4300000, 0x00000000c4400000|  0%| F|  |TS  0|AC  0|TAMS 0x00000000c4300000, 0x00000000c4300000|
|  68|0x00000000c4400000, 0x00000000c4400000, 0x00000000c4500000|  0%| F|  |TS  0|AC  0|TAMS 0x00000000c4400000, 0x00000000c4400000|
|  69|0x00000000c4500000, 0x00000000c4500000, 0x00000000c4600000|  0%| F|  |TS  0|AC  0|TAMS 0x00000000c4500000, 0x00000000c4500000|
|  70|0x00000000c4600000, 0x00000000c4600000, 0x00000000c4700000|  0%| F|  |TS  0|AC  0|TAMS 0x00000000c4600000, 0x00000000c4600000|
|  71|0x00000000c4700000, 0x00000000c4700000, 0x00000000c4800000|  0%| F|  |TS  0|AC  0|TAMS 0x00000000c4700000, 0x00000000c4700000|
|  72|0x00000000c4800000, 0x00000000c4800000, 0x00000000c4900000|  0%| F|  |TS  0|AC  0|TAMS 0x00000000c4800000, 0x00000000c4800000|
|  73|0x00000000c4900000, 0x00000000c4900000, 0x00000000c4a00000|  0%| F|  |TS  0|AC  0|TAMS 0x00000000c4900000, 0x00000000c4900000|
|  74|0x00000000c4a00000, 0x00000000c4a00000, 0x00000000c4b00000|  0%| F|  |TS  0|AC  0|TAMS 0x00000000c4a00000, 0x00000000c4a00000|
|  75|0x00000000c4b00000, 0x00000000c4b00000, 0x00000000c4c00000|  0%| F|  |TS  0|AC  0|TAMS 0x00000000c4b00000, 0x00000000c4b00000|
|  76|0x00000000c4c00000, 0x00000000c4c00000, 0x00000000c4d00000|  0%| F|  |TS  0|AC  0|TAMS 0x00000000c4c00000, 0x00000000c4c00000|
|  77|0x00000000c4d00000, 0x00000000c4d00000, 0x00000000c4e00000|  0%| F|  |TS  0|AC  0|TAMS 0x00000000c4d00000, 0x00000000c4d00000|
|  78|0x00000000c4e00000, 0x00000000c4e00000, 0x00000000c4f00000|  0%| F|  |TS  0|AC  0|TAMS 0x00000000c4e00000, 0x00000000c4e00000|
|  79|0x00000000c4f00000, 0x00000000c4f00000, 0x00000000c5000000|  0%| F|  |TS  0|AC  0|TAMS 0x00000000c4f00000, 0x00000000c4f00000|
|  80|0x00000000c5000000, 0x00000000c5000000, 0x00000000c5100000|  0%| F|  |TS  0|AC  0|TAMS 0x00000000c5000000, 0x00000000c5000000|
|  81|0x00000000c5100000, 0x00000000c5100000, 0x00000000c5200000|  0%| F|  |TS  0|AC  0|TAMS 0x00000000c5100000, 0x00000000c5100000|
|  82|0x00000000c5200000, 0x00000000c5200000, 0x00000000c5300000|  0%| F|  |TS  0|AC  0|TAMS 0x00000000c5200000, 0x00000000c5200000|
|  83|0x00000000c5300000, 0x00000000c5300000, 0x00000000c5400000|  0%| F|  |TS  0|AC  0|TAMS 0x00000000c5300000, 0x00000000c5300000|
|  84|0x00000000c5400000, 0x00000000c5400000, 0x00000000c5500000|  0%| F|  |TS  0|AC  0|TAMS 0x00000000c5400000, 0x00000000c5400000|
|  85|0x00000000c5500000, 0x00000000c5500000, 0x00000000c5600000|  0%| F|  |TS  0|AC  0|TAMS 0x00000000c5500000, 0x00000000c5500000|
|  86|0x00000000c5600000, 0x00000000c5600000, 0x00000000c5700000|  0%| F|  |TS  0|AC  0|TAMS 0x00000000c5600000, 0x00000000c5600000|
|  87|0x00000000c5700000, 0x00000000c5700000, 0x00000000c5800000|  0%| F|  |TS  0|AC  0|TAMS 0x00000000c5700000, 0x00000000c5700000|
|  88|0x00000000c5800000, 0x00000000c5800000, 0x00000000c5900000|  0%| F|  |TS  0|AC  0|TAMS 0x00000000c5800000, 0x00000000c5800000|
|  89|0x00000000c5900000, 0x00000000c5900000, 0x00000000c5a00000|  0%| F|  |TS  0|AC  0|TAMS 0x00000000c5900000, 0x00000000c5900000|
|  90|0x00000000c5a00000, 0x00000000c5a00000, 0x00000000c5b00000|  0%| F|  |TS  0|AC  0|TAMS 0x00000000c5a00000, 0x00000000c5a00000|
|  91|0x00000000c5b00000, 0x00000000c5b00000, 0x00000000c5c00000|  0%| F|  |TS  0|AC  0|TAMS 0x00000000c5b00000, 0x00000000c5b00000|
|  92|0x00000000c5c00000, 0x00000000c5c00000, 0x00000000c5d00000|  0%| F|  |TS  0|AC  0|TAMS 0x00000000c5c00000, 0x00000000c5c00000|
|  93|0x00000000c5d00000, 0x00000000c5d00000, 0x00000000c5e00000|  0%| F|  |TS  0|AC  0|TAMS 0x00000000c5d00000, 0x00000000c5d00000|
|  94|0x00000000c5e00000, 0x00000000c5e00000, 0x00000000c5f00000|  0%| F|  |TS  0|AC  0|TAMS 0x00000000c5e00000, 0x00000000c5e00000|
|  95|0x00000000c5f00000, 0x00000000c5f00000, 0x00000000c6000000|  0%| F|  |TS  0|AC  0|TAMS 0x00000000c5f00000, 0x00000000c5f00000|
|  96|0x00000000c6000000, 0x00000000c6000000, 0x00000000c6100000|  0%| F|  |TS  0|AC  0|TAMS 0x00000000c6000000, 0x00000000c6000000|
|  97|0x00000000c6100000, 0x00000000c6100000, 0x00000000c6200000|  0%| F|  |TS  0|AC  0|TAMS 0x00000000c6100000, 0x00000000c6100000|
|  98|0x00000000c6200000, 0x00000000c6200000, 0x00000000c6300000|  0%| F|  |TS  0|AC  0|TAMS 0x00000000c6200000, 0x00000000c6200000|
|  99|0x00000000c6300000, 0x00000000c6300000, 0x00000000c6400000|  0%| F|  |TS  0|AC  0|TAMS 0x00000000c6300000, 0x00000000c6300000|
| 100|0x00000000c6400000, 0x00000000c6400000, 0x00000000c6500000|  0%| F|  |TS  0|AC  0|TAMS 0x00000000c6400000, 0x00000000c6400000|
| 101|0x00000000c6500000, 0x00000000c6500000, 0x00000000c6600000|  0%| F|  |TS  0|AC  0|TAMS 0x00000000c6500000, 0x00000000c6500000|
| 102|0x00000000c6600000, 0x00000000c6600000, 0x00000000c6700000|  0%| F|  |TS  0|AC  0|TAMS 0x00000000c6600000, 0x00000000c6600000|
| 103|0x00000000c6700000, 0x00000000c6700000, 0x00000000c6800000|  0%| F|  |TS  0|AC  0|TAMS 0x00000000c6700000, 0x00000000c6700000|
| 104|0x00000000c6800000, 0x00000000c6800000, 0x00000000c6900000|  0%| F|  |TS  0|AC  0|TAMS 0x00000000c6800000, 0x00000000c6800000|
| 105|0x00000000c6900000, 0x00000000c6900000, 0x00000000c6a00000|  0%| F|  |TS  0|AC  0|TAMS 0x00000000c6900000, 0x00000000c6900000|
| 106|0x00000000c6a00000, 0x00000000c6a00000, 0x00000000c6b00000|  0%| F|  |TS  0|AC  0|TAMS 0x00000000c6a00000, 0x00000000c6a00000|
| 107|0x00000000c6b00000, 0x00000000c6b00000, 0x00000000c6c00000|  0%| F|  |TS  0|AC  0|TAMS 0x00000000c6b00000, 0x00000000c6b00000|
| 108|0x00000000c6c00000, 0x00000000c6c00000, 0x00000000c6d00000|  0%| F|  |TS  0|AC  0|TAMS 0x00000000c6c00000, 0x00000000c6c00000|
| 109|0x00000000c6d00000, 0x00000000c6d00000, 0x00000000c6e00000|  0%| F|  |TS  0|AC  0|TAMS 0x00000000c6d00000, 0x00000000c6d00000|
| 110|0x00000000c6e00000, 0x00000000c6e00000, 0x00000000c6f00000|  0%| F|  |TS  0|AC  0|TAMS 0x00000000c6e00000, 0x00000000c6e00000|
| 111|0x00000000c6f00000, 0x00000000c6f00000, 0x00000000c7000000|  0%| F|  |TS  0|AC  0|TAMS 0x00000000c6f00000, 0x00000000c6f00000|
| 112|0x00000000c7000000, 0x00000000c7000000, 0x00000000c7100000|  0%| F|  |TS  0|AC  0|TAMS 0x00000000c7000000, 0x00000000c7000000|
| 113|0x00000000c7100000, 0x00000000c7100000, 0x00000000c7200000|  0%| F|  |TS  0|AC  0|TAMS 0x00000000c7100000, 0x00000000c7100000|
| 114|0x00000000c7200000, 0x00000000c7200000, 0x00000000c7300000|  0%| F|  |TS  0|AC  0|TAMS 0x00000000c7200000, 0x00000000c7200000|
| 115|0x00000000c7300000, 0x00000000c7300000, 0x00000000c7400000|  0%| F|  |TS  0|AC  0|TAMS 0x00000000c7300000, 0x00000000c7300000|
| 116|0x00000000c7400000, 0x00000000c7400000, 0x00000000c7500000|  0%| F|  |TS  0|AC  0|TAMS 0x00000000c7400000, 0x00000000c7400000|
| 117|0x00000000c7500000, 0x00000000c7500000, 0x00000000c7600000|  0%| F|  |TS  0|AC  0|TAMS 0x00000000c7500000, 0x00000000c7500000|
| 118|0x00000000c7600000, 0x00000000c7600000, 0x00000000c7700000|  0%| F|  |TS  0|AC  0|TAMS 0x00000000c7600000, 0x00000000c7600000|
| 119|0x00000000c7700000, 0x00000000c7700000, 0x00000000c7800000|  0%| F|  |TS  0|AC  0|TAMS 0x00000000c7700000, 0x00000000c7700000|
| 120|0x00000000c7800000, 0x00000000c7800000, 0x00000000c7900000|  0%| F|  |TS  0|AC  0|TAMS 0x00000000c7800000, 0x00000000c7800000|
| 121|0x00000000c7900000, 0x00000000c7a00000, 0x00000000c7a00000|100%| S|CS|TS  1|AC  0|TAMS 0x00000000c7900000, 0x00000000c7900000|
| 122|0x00000000c7a00000, 0x00000000c7b00000, 0x00000000c7b00000|100%| S|CS|TS  1|AC  0|TAMS 0x00000000c7a00000, 0x00000000c7a00000|
| 123|0x00000000c7b00000, 0x00000000c7c00000, 0x00000000c7c00000|100%| S|CS|TS  1|AC  0|TAMS 0x00000000c7b00000, 0x00000000c7b00000|
| 124|0x00000000c7c00000, 0x00000000c7d00000, 0x00000000c7d00000|100%| S|CS|TS  1|AC  0|TAMS 0x00000000c7c00000, 0x00000000c7c00000|
| 125|0x00000000c7d00000, 0x00000000c7e00000, 0x00000000c7e00000|100%| S|CS|TS  1|AC  0|TAMS 0x00000000c7d00000, 0x00000000c7d00000|
| 126|0x00000000c7e00000, 0x00000000c7f00000, 0x00000000c7f00000|100%| S|CS|TS  1|AC  0|TAMS 0x00000000c7e00000, 0x00000000c7e00000|
| 127|0x00000000c7f00000, 0x00000000c8000000, 0x00000000c8000000|100%| S|CS|TS  1|AC  0|TAMS 0x00000000c7f00000, 0x00000000c7f00000|
| 128|0x00000000c8000000, 0x00000000c8100000, 0x00000000c8100000|100%| S|CS|TS  1|AC  0|TAMS 0x00000000c8000000, 0x00000000c8000000|
| 129|0x00000000c8100000, 0x00000000c8200000, 0x00000000c8200000|100%| S|CS|TS  1|AC  0|TAMS 0x00000000c8100000, 0x00000000c8100000|
| 130|0x00000000c8200000, 0x00000000c8300000, 0x00000000c8300000|100%| S|CS|TS  1|AC  0|TAMS 0x00000000c8200000, 0x00000000c8200000|
| 131|0x00000000c8300000, 0x00000000c8400000, 0x00000000c8400000|100%| S|CS|TS  1|AC  0|TAMS 0x00000000c8300000, 0x00000000c8300000|
| 132|0x00000000c8400000, 0x00000000c8500000, 0x00000000c8500000|100%| S|CS|TS  1|AC  0|TAMS 0x00000000c8400000, 0x00000000c8400000|
| 133|0x00000000c8500000, 0x00000000c8600000, 0x00000000c8600000|100%| S|CS|TS  1|AC  0|TAMS 0x00000000c8500000, 0x00000000c8500000|
| 134|0x00000000c8600000, 0x00000000c8700000, 0x00000000c8700000|100%| S|CS|TS  1|AC  0|TAMS 0x00000000c8600000, 0x00000000c8600000|
| 135|0x00000000c8700000, 0x00000000c8800000, 0x00000000c8800000|100%| S|CS|TS  1|AC  0|TAMS 0x00000000c8700000, 0x00000000c8700000|
| 136|0x00000000c8800000, 0x00000000c8900000, 0x00000000c8900000|100%| S|CS|TS  1|AC  0|TAMS 0x00000000c8800000, 0x00000000c8800000|
| 137|0x00000000c8900000, 0x00000000c8a00000, 0x00000000c8a00000|100%| S|CS|TS  1|AC  0|TAMS 0x00000000c8900000, 0x00000000c8900000|
| 138|0x00000000c8a00000, 0x00000000c8b00000, 0x00000000c8b00000|100%| S|CS|TS  1|AC  0|TAMS 0x00000000c8a00000, 0x00000000c8a00000|
| 139|0x00000000c8b00000, 0x00000000c8c00000, 0x00000000c8c00000|100%| S|CS|TS  1|AC  0|TAMS 0x00000000c8b00000, 0x00000000c8b00000|
| 140|0x00000000c8c00000, 0x00000000c8d00000, 0x00000000c8d00000|100%| S|CS|TS  1|AC  0|TAMS 0x00000000c8c00000, 0x00000000c8c00000|
| 141|0x00000000c8d00000, 0x00000000c8e00000, 0x00000000c8e00000|100%| S|CS|TS  1|AC  0|TAMS 0x00000000c8d00000, 0x00000000c8d00000|
| 142|0x00000000c8e00000, 0x00000000c8f00000, 0x00000000c8f00000|100%| S|CS|TS  1|AC  0|TAMS 0x00000000c8e00000, 0x00000000c8e00000|
| 143|0x00000000c8f00000, 0x00000000c9000000, 0x00000000c9000000|100%| S|CS|TS  1|AC  0|TAMS 0x00000000c8f00000, 0x00000000c8f00000|
| 144|0x00000000c9000000, 0x00000000c9100000, 0x00000000c9100000|100%| S|CS|TS  1|AC  0|TAMS 0x00000000c9000000, 0x00000000c9000000|
| 145|0x00000000c9100000, 0x00000000c9200000, 0x00000000c9200000|100%| S|CS|TS  1|AC  0|TAMS 0x00000000c9100000, 0x00000000c9100000|
| 146|0x00000000c9200000, 0x00000000c9300000, 0x00000000c9300000|100%| S|CS|TS  1|AC  0|TAMS 0x00000000c9200000, 0x00000000c9200000|
| 147|0x00000000c9300000, 0x00000000c9400000, 0x00000000c9400000|100%| S|CS|TS  1|AC  0|TAMS 0x00000000c9300000, 0x00000000c9300000|
| 148|0x00000000c9400000, 0x00000000c9500000, 0x00000000c9500000|100%| S|CS|TS  1|AC  0|TAMS 0x00000000c9400000, 0x00000000c9400000|
| 149|0x00000000c9500000, 0x00000000c9500000, 0x00000000c9600000|  0%| F|  |TS  1|AC  0|TAMS 0x00000000c9500000, 0x00000000c9500000|
| 150|0x00000000c9600000, 0x00000000c9600000, 0x00000000c9700000|  0%| F|  |TS  1|AC  0|TAMS 0x00000000c9600000, 0x00000000c9600000|
| 151|0x00000000c9700000, 0x00000000c9700000, 0x00000000c9800000|  0%| F|  |TS  1|AC  0|TAMS 0x00000000c9700000, 0x00000000c9700000|
| 152|0x00000000c9800000, 0x00000000c9800000, 0x00000000c9900000|  0%| F|  |TS  1|AC  0|TAMS 0x00000000c9800000, 0x00000000c9800000|
| 153|0x00000000c9900000, 0x00000000c9900000, 0x00000000c9a00000|  0%| F|  |TS  1|AC  0|TAMS 0x00000000c9900000, 0x00000000c9900000|
| 154|0x00000000c9a00000, 0x00000000c9a00000, 0x00000000c9b00000|  0%| F|  |TS  1|AC  0|TAMS 0x00000000c9a00000, 0x00000000c9a00000|
| 155|0x00000000c9b00000, 0x00000000c9b00000, 0x00000000c9c00000|  0%| F|  |TS  1|AC  0|TAMS 0x00000000c9b00000, 0x00000000c9b00000|
| 156|0x00000000c9c00000, 0x00000000c9c00000, 0x00000000c9d00000|  0%| F|  |TS  1|AC  0|TAMS 0x00000000c9c00000, 0x00000000c9c00000|
| 157|0x00000000c9d00000, 0x00000000c9d00000, 0x00000000c9e00000|  0%| F|  |TS  1|AC  0|TAMS 0x00000000c9d00000, 0x00000000c9d00000|
| 158|0x00000000c9e00000, 0x00000000c9e00000, 0x00000000c9f00000|  0%| F|  |TS  1|AC  0|TAMS 0x00000000c9e00000, 0x00000000c9e00000|
| 159|0x00000000c9f00000, 0x00000000c9f00000, 0x00000000ca000000|  0%| F|  |TS  1|AC  0|TAMS 0x00000000c9f00000, 0x00000000c9f00000|
| 160|0x00000000ca000000, 0x00000000ca000000, 0x00000000ca100000|  0%| F|  |TS  1|AC  0|TAMS 0x00000000ca000000, 0x00000000ca000000|
| 161|0x00000000ca100000, 0x00000000ca100000, 0x00000000ca200000|  0%| F|  |TS  1|AC  0|TAMS 0x00000000ca100000, 0x00000000ca100000|
| 162|0x00000000ca200000, 0x00000000ca200000, 0x00000000ca300000|  0%| F|  |TS  1|AC  0|TAMS 0x00000000ca200000, 0x00000000ca200000|
| 163|0x00000000ca300000, 0x00000000ca300000, 0x00000000ca400000|  0%| F|  |TS  1|AC  0|TAMS 0x00000000ca300000, 0x00000000ca300000|
| 164|0x00000000ca400000, 0x00000000ca400000, 0x00000000ca500000|  0%| F|  |TS  1|AC  0|TAMS 0x00000000ca400000, 0x00000000ca400000|
| 165|0x00000000ca500000, 0x00000000ca500000, 0x00000000ca600000|  0%| F|  |TS  1|AC  0|TAMS 0x00000000ca500000, 0x00000000ca500000|
| 166|0x00000000ca600000, 0x00000000ca600000, 0x00000000ca700000|  0%| F|  |TS  1|AC  0|TAMS 0x00000000ca600000, 0x00000000ca600000|
| 167|0x00000000ca700000, 0x00000000ca700000, 0x00000000ca800000|  0%| F|  |TS  1|AC  0|TAMS 0x00000000ca700000, 0x00000000ca700000|
| 168|0x00000000ca800000, 0x00000000ca800000, 0x00000000ca900000|  0%| F|  |TS  1|AC  0|TAMS 0x00000000ca800000, 0x00000000ca800000|
| 169|0x00000000ca900000, 0x00000000ca900000, 0x00000000caa00000|  0%| F|  |TS  1|AC  0|TAMS 0x00000000ca900000, 0x00000000ca900000|
| 170|0x00000000caa00000, 0x00000000caa00000, 0x00000000cab00000|  0%| F|  |TS  1|AC  0|TAMS 0x00000000caa00000, 0x00000000caa00000|
| 171|0x00000000cab00000, 0x00000000cab00000, 0x00000000cac00000|  0%| F|  |TS  1|AC  0|TAMS 0x00000000cab00000, 0x00000000cab00000|
| 172|0x00000000cac00000, 0x00000000cac00000, 0x00000000cad00000|  0%| F|  |TS  1|AC  0|TAMS 0x00000000cac00000, 0x00000000cac00000|
| 173|0x00000000cad00000, 0x00000000cad00000, 0x00000000cae00000|  0%| F|  |TS  1|AC  0|TAMS 0x00000000cad00000, 0x00000000cad00000|
| 174|0x00000000cae00000, 0x00000000cae00000, 0x00000000caf00000|  0%| F|  |TS  1|AC  0|TAMS 0x00000000cae00000, 0x00000000cae00000|
| 175|0x00000000caf00000, 0x00000000caf00000, 0x00000000cb000000|  0%| F|  |TS  1|AC  0|TAMS 0x00000000caf00000, 0x00000000caf00000|
| 176|0x00000000cb000000, 0x00000000cb000000, 0x00000000cb100000|  0%| F|  |TS  1|AC  0|TAMS 0x00000000cb000000, 0x00000000cb000000|
| 177|0x00000000cb100000, 0x00000000cb100000, 0x00000000cb200000|  0%| F|  |TS  1|AC  0|TAMS 0x00000000cb100000, 0x00000000cb100000|
| 178|0x00000000cb200000, 0x00000000cb200000, 0x00000000cb300000|  0%| F|  |TS  1|AC  0|TAMS 0x00000000cb200000, 0x00000000cb200000|
| 179|0x00000000cb300000, 0x00000000cb300000, 0x00000000cb400000|  0%| F|  |TS  1|AC  0|TAMS 0x00000000cb300000, 0x00000000cb300000|
| 180|0x00000000cb400000, 0x00000000cb400000, 0x00000000cb500000|  0%| F|  |TS  1|AC  0|TAMS 0x00000000cb400000, 0x00000000cb400000|
| 181|0x00000000cb500000, 0x00000000cb500000, 0x00000000cb600000|  0%| F|  |TS  1|AC  0|TAMS 0x00000000cb500000, 0x00000000cb500000|
| 182|0x00000000cb600000, 0x00000000cb600000, 0x00000000cb700000|  0%| F|  |TS  1|AC  0|TAMS 0x00000000cb600000, 0x00000000cb600000|
| 183|0x00000000cb700000, 0x00000000cb700000, 0x00000000cb800000|  0%| F|  |TS  1|AC  0|TAMS 0x00000000cb700000, 0x00000000cb700000|
| 184|0x00000000cb800000, 0x00000000cb800000, 0x00000000cb900000|  0%| F|  |TS  1|AC  0|TAMS 0x00000000cb800000, 0x00000000cb800000|
| 185|0x00000000cb900000, 0x00000000cb900000, 0x00000000cba00000|  0%| F|  |TS  1|AC  0|TAMS 0x00000000cb900000, 0x00000000cb900000|
| 186|0x00000000cba00000, 0x00000000cba00000, 0x00000000cbb00000|  0%| F|  |TS  1|AC  0|TAMS 0x00000000cba00000, 0x00000000cba00000|
| 187|0x00000000cbb00000, 0x00000000cbb00000, 0x00000000cbc00000|  0%| F|  |TS  1|AC  0|TAMS 0x00000000cbb00000, 0x00000000cbb00000|
| 188|0x00000000cbc00000, 0x00000000cbc00000, 0x00000000cbd00000|  0%| F|  |TS  1|AC  0|TAMS 0x00000000cbc00000, 0x00000000cbc00000|
| 189|0x00000000cbd00000, 0x00000000cbd00000, 0x00000000cbe00000|  0%| F|  |TS  1|AC  0|TAMS 0x00000000cbd00000, 0x00000000cbd00000|
| 190|0x00000000cbe00000, 0x00000000cbe00000, 0x00000000cbf00000|  0%| F|  |TS  1|AC  0|TAMS 0x00000000cbe00000, 0x00000000cbe00000|
| 191|0x00000000cbf00000, 0x00000000cbf00000, 0x00000000cc000000|  0%| F|  |TS  1|AC  0|TAMS 0x00000000cbf00000, 0x00000000cbf00000|
| 192|0x00000000cc000000, 0x00000000cc000000, 0x00000000cc100000|  0%| F|  |TS  1|AC  0|TAMS 0x00000000cc000000, 0x00000000cc000000|
| 193|0x00000000cc100000, 0x00000000cc100000, 0x00000000cc200000|  0%| F|  |TS  1|AC  0|TAMS 0x00000000cc100000, 0x00000000cc100000|
| 194|0x00000000cc200000, 0x00000000cc200000, 0x00000000cc300000|  0%| F|  |TS  1|AC  0|TAMS 0x00000000cc200000, 0x00000000cc200000|
| 195|0x00000000cc300000, 0x00000000cc300000, 0x00000000cc400000|  0%| F|  |TS  1|AC  0|TAMS 0x00000000cc300000, 0x00000000cc300000|
| 196|0x00000000cc400000, 0x00000000cc400000, 0x00000000cc500000|  0%| F|  |TS  1|AC  0|TAMS 0x00000000cc400000, 0x00000000cc400000|
| 197|0x00000000cc500000, 0x00000000cc500000, 0x00000000cc600000|  0%| F|  |TS  1|AC  0|TAMS 0x00000000cc500000, 0x00000000cc500000|
| 198|0x00000000cc600000, 0x00000000cc600000, 0x00000000cc700000|  0%| F|  |TS  1|AC  0|TAMS 0x00000000cc600000, 0x00000000cc600000|
| 199|0x00000000cc700000, 0x00000000cc700000, 0x00000000cc800000|  0%| F|  |TS  1|AC  0|TAMS 0x00000000cc700000, 0x00000000cc700000|
| 200|0x00000000cc800000, 0x00000000cc800000, 0x00000000cc900000|  0%| F|  |TS  1|AC  0|TAMS 0x00000000cc800000, 0x00000000cc800000|
| 201|0x00000000cc900000, 0x00000000cc900000, 0x00000000cca00000|  0%| F|  |TS  1|AC  0|TAMS 0x00000000cc900000, 0x00000000cc900000|
| 202|0x00000000cca00000, 0x00000000cca00000, 0x00000000ccb00000|  0%| F|  |TS  1|AC  0|TAMS 0x00000000cca00000, 0x00000000cca00000|
| 203|0x00000000ccb00000, 0x00000000ccb00000, 0x00000000ccc00000|  0%| F|  |TS  1|AC  0|TAMS 0x00000000ccb00000, 0x00000000ccb00000|
| 204|0x00000000ccc00000, 0x00000000ccc00000, 0x00000000ccd00000|  0%| F|  |TS  1|AC  0|TAMS 0x00000000ccc00000, 0x00000000ccc00000|
| 205|0x00000000ccd00000, 0x00000000ccd00000, 0x00000000cce00000|  0%| F|  |TS  1|AC  0|TAMS 0x00000000ccd00000, 0x00000000ccd00000|
| 206|0x00000000cce00000, 0x00000000cce00000, 0x00000000ccf00000|  0%| F|  |TS  1|AC  0|TAMS 0x00000000cce00000, 0x00000000cce00000|
| 207|0x00000000ccf00000, 0x00000000ccf00000, 0x00000000cd000000|  0%| F|  |TS  1|AC  0|TAMS 0x00000000ccf00000, 0x00000000ccf00000|
| 208|0x00000000cd000000, 0x00000000cd000000, 0x00000000cd100000|  0%| F|  |TS  1|AC  0|TAMS 0x00000000cd000000, 0x00000000cd000000|
| 209|0x00000000cd100000, 0x00000000cd100000, 0x00000000cd200000|  0%| F|  |TS  1|AC  0|TAMS 0x00000000cd100000, 0x00000000cd100000|
| 210|0x00000000cd200000, 0x00000000cd200000, 0x00000000cd300000|  0%| F|  |TS  1|AC  0|TAMS 0x00000000cd200000, 0x00000000cd200000|
| 211|0x00000000cd300000, 0x00000000cd300000, 0x00000000cd400000|  0%| F|  |TS  1|AC  0|TAMS 0x00000000cd300000, 0x00000000cd300000|
| 212|0x00000000cd400000, 0x00000000cd400000, 0x00000000cd500000|  0%| F|  |TS  1|AC  0|TAMS 0x00000000cd400000, 0x00000000cd400000|
| 213|0x00000000cd500000, 0x00000000cd500000, 0x00000000cd600000|  0%| F|  |TS  1|AC  0|TAMS 0x00000000cd500000, 0x00000000cd500000|
| 214|0x00000000cd600000, 0x00000000cd600000, 0x00000000cd700000|  0%| F|  |TS  1|AC  0|TAMS 0x00000000cd600000, 0x00000000cd600000|
| 215|0x00000000cd700000, 0x00000000cd700000, 0x00000000cd800000|  0%| F|  |TS  1|AC  0|TAMS 0x00000000cd700000, 0x00000000cd700000|
| 216|0x00000000cd800000, 0x00000000cd800000, 0x00000000cd900000|  0%| F|  |TS  1|AC  0|TAMS 0x00000000cd800000, 0x00000000cd800000|
| 217|0x00000000cd900000, 0x00000000cd900000, 0x00000000cda00000|  0%| F|  |TS  1|AC  0|TAMS 0x00000000cd900000, 0x00000000cd900000|
| 218|0x00000000cda00000, 0x00000000cda00000, 0x00000000cdb00000|  0%| F|  |TS  1|AC  0|TAMS 0x00000000cda00000, 0x00000000cda00000|
| 219|0x00000000cdb00000, 0x00000000cdb00000, 0x00000000cdc00000|  0%| F|  |TS  1|AC  0|TAMS 0x00000000cdb00000, 0x00000000cdb00000|
| 220|0x00000000cdc00000, 0x00000000cdc00000, 0x00000000cdd00000|  0%| F|  |TS  1|AC  0|TAMS 0x00000000cdc00000, 0x00000000cdc00000|
| 221|0x00000000cdd00000, 0x00000000cdd00000, 0x00000000cde00000|  0%| F|  |TS  1|AC  0|TAMS 0x00000000cdd00000, 0x00000000cdd00000|
| 222|0x00000000cde00000, 0x00000000cde00000, 0x00000000cdf00000|  0%| F|  |TS  1|AC  0|TAMS 0x00000000cde00000, 0x00000000cde00000|
| 223|0x00000000cdf00000, 0x00000000cdf00000, 0x00000000ce000000|  0%| F|  |TS  1|AC  0|TAMS 0x00000000cdf00000, 0x00000000cdf00000|
| 224|0x00000000ce000000, 0x00000000ce000000, 0x00000000ce100000|  0%| F|  |TS  1|AC  0|TAMS 0x00000000ce000000, 0x00000000ce000000|
| 225|0x00000000ce100000, 0x00000000ce100000, 0x00000000ce200000|  0%| F|  |TS  1|AC  0|TAMS 0x00000000ce100000, 0x00000000ce100000|
| 226|0x00000000ce200000, 0x00000000ce200000, 0x00000000ce300000|  0%| F|  |TS  1|AC  0|TAMS 0x00000000ce200000, 0x00000000ce200000|
| 227|0x00000000ce300000, 0x00000000ce300000, 0x00000000ce400000|  0%| F|  |TS  1|AC  0|TAMS 0x00000000ce300000, 0x00000000ce300000|
| 228|0x00000000ce400000, 0x00000000ce400000, 0x00000000ce500000|  0%| F|  |TS  1|AC  0|TAMS 0x00000000ce400000, 0x00000000ce400000|
| 229|0x00000000ce500000, 0x00000000ce500000, 0x00000000ce600000|  0%| F|  |TS  1|AC  0|TAMS 0x00000000ce500000, 0x00000000ce500000|
| 230|0x00000000ce600000, 0x00000000ce600000, 0x00000000ce700000|  0%| F|  |TS  1|AC  0|TAMS 0x00000000ce600000, 0x00000000ce600000|
| 231|0x00000000ce700000, 0x00000000ce700000, 0x00000000ce800000|  0%| F|  |TS  1|AC  0|TAMS 0x00000000ce700000, 0x00000000ce700000|
| 232|0x00000000ce800000, 0x00000000ce800000, 0x00000000ce900000|  0%| F|  |TS  1|AC  0|TAMS 0x00000000ce800000, 0x00000000ce800000|
| 233|0x00000000ce900000, 0x00000000ce900000, 0x00000000cea00000|  0%| F|  |TS  1|AC  0|TAMS 0x00000000ce900000, 0x00000000ce900000|
| 234|0x00000000cea00000, 0x00000000cea00000, 0x00000000ceb00000|  0%| F|  |TS  1|AC  0|TAMS 0x00000000cea00000, 0x00000000cea00000|
| 235|0x00000000ceb00000, 0x00000000ceb00000, 0x00000000cec00000|  0%| F|  |TS  1|AC  0|TAMS 0x00000000ceb00000, 0x00000000ceb00000|
| 236|0x00000000cec00000, 0x00000000cec00000, 0x00000000ced00000|  0%| F|  |TS  1|AC  0|TAMS 0x00000000cec00000, 0x00000000cec00000|
| 237|0x00000000ced00000, 0x00000000ced00000, 0x00000000cee00000|  0%| F|  |TS  1|AC  0|TAMS 0x00000000ced00000, 0x00000000ced00000|
| 238|0x00000000cee00000, 0x00000000cee00000, 0x00000000cef00000|  0%| F|  |TS  1|AC  0|TAMS 0x00000000cee00000, 0x00000000cee00000|
| 239|0x00000000cef00000, 0x00000000cef00000, 0x00000000cf000000|  0%| F|  |TS  1|AC  0|TAMS 0x00000000cef00000, 0x00000000cef00000|
| 240|0x00000000cf000000, 0x00000000cf000000, 0x00000000cf100000|  0%| F|  |TS  1|AC  0|TAMS 0x00000000cf000000, 0x00000000cf000000|
| 241|0x00000000cf100000, 0x00000000cf100000, 0x00000000cf200000|  0%| F|  |TS  1|AC  0|TAMS 0x00000000cf100000, 0x00000000cf100000|
| 242|0x00000000cf200000, 0x00000000cf200000, 0x00000000cf300000|  0%| F|  |TS  1|AC  0|TAMS 0x00000000cf200000, 0x00000000cf200000|
| 243|0x00000000cf300000, 0x00000000cf300000, 0x00000000cf400000|  0%| F|  |TS  1|AC  0|TAMS 0x00000000cf300000, 0x00000000cf300000|
| 244|0x00000000cf400000, 0x00000000cf400000, 0x00000000cf500000|  0%| F|  |TS  1|AC  0|TAMS 0x00000000cf400000, 0x00000000cf400000|
| 245|0x00000000cf500000, 0x00000000cf500000, 0x00000000cf600000|  0%| F|  |TS  1|AC  0|TAMS 0x00000000cf500000, 0x00000000cf500000|
| 246|0x00000000cf600000, 0x00000000cf600000, 0x00000000cf700000|  0%| F|  |TS  1|AC  0|TAMS 0x00000000cf600000, 0x00000000cf600000|
| 247|0x00000000cf700000, 0x00000000cf700000, 0x00000000cf800000|  0%| F|  |TS  1|AC  0|TAMS 0x00000000cf700000, 0x00000000cf700000|
| 248|0x00000000cf800000, 0x00000000cf800000, 0x00000000cf900000|  0%| F|  |TS  1|AC  0|TAMS 0x00000000cf800000, 0x00000000cf800000|
| 249|0x00000000cf900000, 0x00000000cf900000, 0x00000000cfa00000|  0%| F|  |TS  1|AC  0|TAMS 0x00000000cf900000, 0x00000000cf900000|
| 250|0x00000000cfa00000, 0x00000000cfa00000, 0x00000000cfb00000|  0%| F|  |TS  1|AC  0|TAMS 0x00000000cfa00000, 0x00000000cfa00000|
| 251|0x00000000cfb00000, 0x00000000cfb00000, 0x00000000cfc00000|  0%| F|  |TS  1|AC  0|TAMS 0x00000000cfb00000, 0x00000000cfb00000|
| 252|0x00000000cfc00000, 0x00000000cfc00000, 0x00000000cfd00000|  0%| F|  |TS  1|AC  0|TAMS 0x00000000cfc00000, 0x00000000cfc00000|
| 253|0x00000000cfd00000, 0x00000000cfd00000, 0x00000000cfe00000|  0%| F|  |TS  1|AC  0|TAMS 0x00000000cfd00000, 0x00000000cfd00000|
| 254|0x00000000cfe00000, 0x00000000cfe00000, 0x00000000cff00000|  0%| F|  |TS  1|AC  0|TAMS 0x00000000cfe00000, 0x00000000cfe00000|
| 255|0x00000000cff00000, 0x00000000cff00000, 0x00000000d0000000|  0%| F|  |TS  1|AC  0|TAMS 0x00000000cff00000, 0x00000000cff00000|
| 256|0x00000000d0000000, 0x00000000d0000000, 0x00000000d0100000|  0%| F|  |TS  1|AC  0|TAMS 0x00000000d0000000, 0x00000000d0000000|
| 257|0x00000000d0100000, 0x00000000d0100000, 0x00000000d0200000|  0%| F|  |TS  1|AC  0|TAMS 0x00000000d0100000, 0x00000000d0100000|
| 258|0x00000000d0200000, 0x00000000d0200000, 0x00000000d0300000|  0%| F|  |TS  1|AC  0|TAMS 0x00000000d0200000, 0x00000000d0200000|
| 259|0x00000000d0300000, 0x00000000d0300000, 0x00000000d0400000|  0%| F|  |TS  1|AC  0|TAMS 0x00000000d0300000, 0x00000000d0300000|
| 260|0x00000000d0400000, 0x00000000d0400000, 0x00000000d0500000|  0%| F|  |TS  1|AC  0|TAMS 0x00000000d0400000, 0x00000000d0400000|
| 261|0x00000000d0500000, 0x00000000d0500000, 0x00000000d0600000|  0%| F|  |TS  1|AC  0|TAMS 0x00000000d0500000, 0x00000000d0500000|
| 262|0x00000000d0600000, 0x00000000d0600000, 0x00000000d0700000|  0%| F|  |TS  1|AC  0|TAMS 0x00000000d0600000, 0x00000000d0600000|
| 263|0x00000000d0700000, 0x00000000d0700000, 0x00000000d0800000|  0%| F|  |TS  1|AC  0|TAMS 0x00000000d0700000, 0x00000000d0700000|
| 264|0x00000000d0800000, 0x00000000d0800000, 0x00000000d0900000|  0%| F|  |TS  1|AC  0|TAMS 0x00000000d0800000, 0x00000000d0800000|
| 265|0x00000000d0900000, 0x00000000d0900000, 0x00000000d0a00000|  0%| F|  |TS  1|AC  0|TAMS 0x00000000d0900000, 0x00000000d0900000|
| 266|0x00000000d0a00000, 0x00000000d0a00000, 0x00000000d0b00000|  0%| F|  |TS  1|AC  0|TAMS 0x00000000d0a00000, 0x00000000d0a00000|
| 267|0x00000000d0b00000, 0x00000000d0b00000, 0x00000000d0c00000|  0%| F|  |TS  1|AC  0|TAMS 0x00000000d0b00000, 0x00000000d0b00000|
| 268|0x00000000d0c00000, 0x00000000d0c00000, 0x00000000d0d00000|  0%| F|  |TS  1|AC  0|TAMS 0x00000000d0c00000, 0x00000000d0c00000|
| 269|0x00000000d0d00000, 0x00000000d0d00000, 0x00000000d0e00000|  0%| F|  |TS  1|AC  0|TAMS 0x00000000d0d00000, 0x00000000d0d00000|
| 270|0x00000000d0e00000, 0x00000000d0e00000, 0x00000000d0f00000|  0%| F|  |TS  1|AC  0|TAMS 0x00000000d0e00000, 0x00000000d0e00000|
| 271|0x00000000d0f00000, 0x00000000d0f00000, 0x00000000d1000000|  0%| F|  |TS  1|AC  0|TAMS 0x00000000d0f00000, 0x00000000d0f00000|
| 272|0x00000000d1000000, 0x00000000d1000000, 0x00000000d1100000|  0%| F|  |TS  1|AC  0|TAMS 0x00000000d1000000, 0x00000000d1000000|
| 273|0x00000000d1100000, 0x00000000d1100000, 0x00000000d1200000|  0%| F|  |TS  1|AC  0|TAMS 0x00000000d1100000, 0x00000000d1100000|
| 274|0x00000000d1200000, 0x00000000d1200000, 0x00000000d1300000|  0%| F|  |TS  1|AC  0|TAMS 0x00000000d1200000, 0x00000000d1200000|
| 275|0x00000000d1300000, 0x00000000d1300000, 0x00000000d1400000|  0%| F|  |TS  1|AC  0|TAMS 0x00000000d1300000, 0x00000000d1300000|
| 276|0x00000000d1400000, 0x00000000d1400000, 0x00000000d1500000|  0%| F|  |TS  1|AC  0|TAMS 0x00000000d1400000, 0x00000000d1400000|
| 277|0x00000000d1500000, 0x00000000d1500000, 0x00000000d1600000|  0%| F|  |TS  1|AC  0|TAMS 0x00000000d1500000, 0x00000000d1500000|
| 278|0x00000000d1600000, 0x00000000d1600000, 0x00000000d1700000|  0%| F|  |TS  1|AC  0|TAMS 0x00000000d1600000, 0x00000000d1600000|
| 279|0x00000000d1700000, 0x00000000d1700000, 0x00000000d1800000|  0%| F|  |TS  1|AC  0|TAMS 0x00000000d1700000, 0x00000000d1700000|
| 280|0x00000000d1800000, 0x00000000d1800000, 0x00000000d1900000|  0%| F|  |TS  1|AC  0|TAMS 0x00000000d1800000, 0x00000000d1800000|
| 281|0x00000000d1900000, 0x00000000d1900000, 0x00000000d1a00000|  0%| F|  |TS  1|AC  0|TAMS 0x00000000d1900000, 0x00000000d1900000|
| 282|0x00000000d1a00000, 0x00000000d1a00000, 0x00000000d1b00000|  0%| F|  |TS  1|AC  0|TAMS 0x00000000d1a00000, 0x00000000d1a00000|
| 283|0x00000000d1b00000, 0x00000000d1b00000, 0x00000000d1c00000|  0%| F|  |TS  1|AC  0|TAMS 0x00000000d1b00000, 0x00000000d1b00000|
| 284|0x00000000d1c00000, 0x00000000d1c00000, 0x00000000d1d00000|  0%| F|  |TS  1|AC  0|TAMS 0x00000000d1c00000, 0x00000000d1c00000|
| 285|0x00000000d1d00000, 0x00000000d1d00000, 0x00000000d1e00000|  0%| F|  |TS  1|AC  0|TAMS 0x00000000d1d00000, 0x00000000d1d00000|
| 286|0x00000000d1e00000, 0x00000000d1e00000, 0x00000000d1f00000|  0%| F|  |TS  1|AC  0|TAMS 0x00000000d1e00000, 0x00000000d1e00000|
| 287|0x00000000d1f00000, 0x00000000d1f00000, 0x00000000d2000000|  0%| F|  |TS  1|AC  0|TAMS 0x00000000d1f00000, 0x00000000d1f00000|
| 288|0x00000000d2000000, 0x00000000d2000000, 0x00000000d2100000|  0%| F|  |TS  1|AC  0|TAMS 0x00000000d2000000, 0x00000000d2000000|
| 289|0x00000000d2100000, 0x00000000d2100000, 0x00000000d2200000|  0%| F|  |TS  1|AC  0|TAMS 0x00000000d2100000, 0x00000000d2100000|
| 290|0x00000000d2200000, 0x00000000d2200000, 0x00000000d2300000|  0%| F|  |TS  1|AC  0|TAMS 0x00000000d2200000, 0x00000000d2200000|
| 291|0x00000000d2300000, 0x00000000d2300000, 0x00000000d2400000|  0%| F|  |TS  1|AC  0|TAMS 0x00000000d2300000, 0x00000000d2300000|
| 292|0x00000000d2400000, 0x00000000d2400000, 0x00000000d2500000|  0%| F|  |TS  1|AC  0|TAMS 0x00000000d2400000, 0x00000000d2400000|
| 293|0x00000000d2500000, 0x00000000d2500000, 0x00000000d2600000|  0%| F|  |TS  1|AC  0|TAMS 0x00000000d2500000, 0x00000000d2500000|
| 294|0x00000000d2600000, 0x00000000d2600000, 0x00000000d2700000|  0%| F|  |TS  1|AC  0|TAMS 0x00000000d2600000, 0x00000000d2600000|
| 295|0x00000000d2700000, 0x00000000d2700000, 0x00000000d2800000|  0%| F|  |TS  1|AC  0|TAMS 0x00000000d2700000, 0x00000000d2700000|
| 296|0x00000000d2800000, 0x00000000d2800000, 0x00000000d2900000|  0%| F|  |TS  1|AC  0|TAMS 0x00000000d2800000, 0x00000000d2800000|
| 297|0x00000000d2900000, 0x00000000d2900000, 0x00000000d2a00000|  0%| F|  |TS  1|AC  0|TAMS 0x00000000d2900000, 0x00000000d2900000|
| 298|0x00000000d2a00000, 0x00000000d2a00000, 0x00000000d2b00000|  0%| F|  |TS  1|AC  0|TAMS 0x00000000d2a00000, 0x00000000d2a00000|
| 299|0x00000000d2b00000, 0x00000000d2b00000, 0x00000000d2c00000|  0%| F|  |TS  1|AC  0|TAMS 0x00000000d2b00000, 0x00000000d2b00000|
| 300|0x00000000d2c00000, 0x00000000d2c00000, 0x00000000d2d00000|  0%| F|  |TS  1|AC  0|TAMS 0x00000000d2c00000, 0x00000000d2c00000|
| 301|0x00000000d2d00000, 0x00000000d2d00000, 0x00000000d2e00000|  0%| F|  |TS  1|AC  0|TAMS 0x00000000d2d00000, 0x00000000d2d00000|
| 302|0x00000000d2e00000, 0x00000000d2e00000, 0x00000000d2f00000|  0%| F|  |TS  1|AC  0|TAMS 0x00000000d2e00000, 0x00000000d2e00000|
| 303|0x00000000d2f00000, 0x00000000d2f00000, 0x00000000d3000000|  0%| F|  |TS  1|AC  0|TAMS 0x00000000d2f00000, 0x00000000d2f00000|
| 304|0x00000000d3000000, 0x00000000d3000000, 0x00000000d3100000|  0%| F|  |TS  1|AC  0|TAMS 0x00000000d3000000, 0x00000000d3000000|
| 305|0x00000000d3100000, 0x00000000d3100000, 0x00000000d3200000|  0%| F|  |TS  1|AC  0|TAMS 0x00000000d3100000, 0x00000000d3100000|
| 306|0x00000000d3200000, 0x00000000d3200000, 0x00000000d3300000|  0%| F|  |TS  1|AC  0|TAMS 0x00000000d3200000, 0x00000000d3200000|
| 307|0x00000000d3300000, 0x00000000d3300000, 0x00000000d3400000|  0%| F|  |TS  1|AC  0|TAMS 0x00000000d3300000, 0x00000000d3300000|
| 308|0x00000000d3400000, 0x00000000d3400000, 0x00000000d3500000|  0%| F|  |TS  1|AC  0|TAMS 0x00000000d3400000, 0x00000000d3400000|
| 309|0x00000000d3500000, 0x00000000d3500000, 0x00000000d3600000|  0%| F|  |TS  1|AC  0|TAMS 0x00000000d3500000, 0x00000000d3500000|
| 310|0x00000000d3600000, 0x00000000d3600000, 0x00000000d3700000|  0%| F|  |TS  1|AC  0|TAMS 0x00000000d3600000, 0x00000000d3600000|
| 311|0x00000000d3700000, 0x00000000d3700000, 0x00000000d3800000|  0%| F|  |TS  1|AC  0|TAMS 0x00000000d3700000, 0x00000000d3700000|
| 312|0x00000000d3800000, 0x00000000d3800000, 0x00000000d3900000|  0%| F|  |TS  1|AC  0|TAMS 0x00000000d3800000, 0x00000000d3800000|
| 313|0x00000000d3900000, 0x00000000d3900000, 0x00000000d3a00000|  0%| F|  |TS  1|AC  0|TAMS 0x00000000d3900000, 0x00000000d3900000|
| 314|0x00000000d3a00000, 0x00000000d3a00000, 0x00000000d3b00000|  0%| F|  |TS  1|AC  0|TAMS 0x00000000d3a00000, 0x00000000d3a00000|
| 315|0x00000000d3b00000, 0x00000000d3b00000, 0x00000000d3c00000|  0%| F|  |TS  1|AC  0|TAMS 0x00000000d3b00000, 0x00000000d3b00000|
| 316|0x00000000d3c00000, 0x00000000d3c00000, 0x00000000d3d00000|  0%| F|  |TS  1|AC  0|TAMS 0x00000000d3c00000, 0x00000000d3c00000|
| 317|0x00000000d3d00000, 0x00000000d3d00000, 0x00000000d3e00000|  0%| F|  |TS  1|AC  0|TAMS 0x00000000d3d00000, 0x00000000d3d00000|
| 318|0x00000000d3e00000, 0x00000000d3e00000, 0x00000000d3f00000|  0%| F|  |TS  1|AC  0|TAMS 0x00000000d3e00000, 0x00000000d3e00000|
| 319|0x00000000d3f00000, 0x00000000d3f00000, 0x00000000d4000000|  0%| F|  |TS  1|AC  0|TAMS 0x00000000d3f00000, 0x00000000d3f00000|
| 320|0x00000000d4000000, 0x00000000d4000000, 0x00000000d4100000|  0%| F|  |TS  1|AC  0|TAMS 0x00000000d4000000, 0x00000000d4000000|
| 321|0x00000000d4100000, 0x00000000d4100000, 0x00000000d4200000|  0%| F|  |TS  1|AC  0|TAMS 0x00000000d4100000, 0x00000000d4100000|
| 322|0x00000000d4200000, 0x00000000d4200000, 0x00000000d4300000|  0%| F|  |TS  1|AC  0|TAMS 0x00000000d4200000, 0x00000000d4200000|
| 323|0x00000000d4300000, 0x00000000d4300000, 0x00000000d4400000|  0%| F|  |TS  1|AC  0|TAMS 0x00000000d4300000, 0x00000000d4300000|
| 324|0x00000000d4400000, 0x00000000d4400000, 0x00000000d4500000|  0%| F|  |TS  1|AC  0|TAMS 0x00000000d4400000, 0x00000000d4400000|
| 325|0x00000000d4500000, 0x00000000d4500000, 0x00000000d4600000|  0%| F|  |TS  1|AC  0|TAMS 0x00000000d4500000, 0x00000000d4500000|
| 326|0x00000000d4600000, 0x00000000d4600000, 0x00000000d4700000|  0%| F|  |TS  1|AC  0|TAMS 0x00000000d4600000, 0x00000000d4600000|
| 327|0x00000000d4700000, 0x00000000d4700000, 0x00000000d4800000|  0%| F|  |TS  1|AC  0|TAMS 0x00000000d4700000, 0x00000000d4700000|
| 328|0x00000000d4800000, 0x00000000d4800000, 0x00000000d4900000|  0%| F|  |TS  1|AC  0|TAMS 0x00000000d4800000, 0x00000000d4800000|
| 329|0x00000000d4900000, 0x00000000d4900000, 0x00000000d4a00000|  0%| F|  |TS  1|AC  0|TAMS 0x00000000d4900000, 0x00000000d4900000|
| 330|0x00000000d4a00000, 0x00000000d4a00000, 0x00000000d4b00000|  0%| F|  |TS  1|AC  0|TAMS 0x00000000d4a00000, 0x00000000d4a00000|
| 331|0x00000000d4b00000, 0x00000000d4b00000, 0x00000000d4c00000|  0%| F|  |TS  1|AC  0|TAMS 0x00000000d4b00000, 0x00000000d4b00000|
| 332|0x00000000d4c00000, 0x00000000d4c00000, 0x00000000d4d00000|  0%| F|  |TS  1|AC  0|TAMS 0x00000000d4c00000, 0x00000000d4c00000|
| 333|0x00000000d4d00000, 0x00000000d4d00000, 0x00000000d4e00000|  0%| F|  |TS  1|AC  0|TAMS 0x00000000d4d00000, 0x00000000d4d00000|
| 334|0x00000000d4e00000, 0x00000000d4e00000, 0x00000000d4f00000|  0%| F|  |TS  1|AC  0|TAMS 0x00000000d4e00000, 0x00000000d4e00000|
| 335|0x00000000d4f00000, 0x00000000d4f00000, 0x00000000d5000000|  0%| F|  |TS  1|AC  0|TAMS 0x00000000d4f00000, 0x00000000d4f00000|
| 336|0x00000000d5000000, 0x00000000d5000000, 0x00000000d5100000|  0%| F|  |TS  1|AC  0|TAMS 0x00000000d5000000, 0x00000000d5000000|
| 337|0x00000000d5100000, 0x00000000d5100000, 0x00000000d5200000|  0%| F|  |TS  1|AC  0|TAMS 0x00000000d5100000, 0x00000000d5100000|
| 338|0x00000000d5200000, 0x00000000d5200000, 0x00000000d5300000|  0%| F|  |TS  1|AC  0|TAMS 0x00000000d5200000, 0x00000000d5200000|
| 339|0x00000000d5300000, 0x00000000d5300000, 0x00000000d5400000|  0%| F|  |TS  1|AC  0|TAMS 0x00000000d5300000, 0x00000000d5300000|
| 340|0x00000000d5400000, 0x00000000d5400000, 0x00000000d5500000|  0%| F|  |TS  1|AC  0|TAMS 0x00000000d5400000, 0x00000000d5400000|
| 341|0x00000000d5500000, 0x00000000d5500000, 0x00000000d5600000|  0%| F|  |TS  1|AC  0|TAMS 0x00000000d5500000, 0x00000000d5500000|
| 342|0x00000000d5600000, 0x00000000d5600000, 0x00000000d5700000|  0%| F|  |TS  1|AC  0|TAMS 0x00000000d5600000, 0x00000000d5600000|
| 343|0x00000000d5700000, 0x00000000d5700000, 0x00000000d5800000|  0%| F|  |TS  1|AC  0|TAMS 0x00000000d5700000, 0x00000000d5700000|
| 344|0x00000000d5800000, 0x00000000d5800000, 0x00000000d5900000|  0%| F|  |TS  1|AC  0|TAMS 0x00000000d5800000, 0x00000000d5800000|
| 345|0x00000000d5900000, 0x00000000d5900000, 0x00000000d5a00000|  0%| F|  |TS  1|AC  0|TAMS 0x00000000d5900000, 0x00000000d5900000|
| 346|0x00000000d5a00000, 0x00000000d5a00000, 0x00000000d5b00000|  0%| F|  |TS  1|AC  0|TAMS 0x00000000d5a00000, 0x00000000d5a00000|
| 347|0x00000000d5b00000, 0x00000000d5b00000, 0x00000000d5c00000|  0%| F|  |TS  1|AC  0|TAMS 0x00000000d5b00000, 0x00000000d5b00000|
| 348|0x00000000d5c00000, 0x00000000d5c00000, 0x00000000d5d00000|  0%| F|  |TS  1|AC  0|TAMS 0x00000000d5c00000, 0x00000000d5c00000|
| 349|0x00000000d5d00000, 0x00000000d5d00000, 0x00000000d5e00000|  0%| F|  |TS  1|AC  0|TAMS 0x00000000d5d00000, 0x00000000d5d00000|
| 350|0x00000000d5e00000, 0x00000000d5e00000, 0x00000000d5f00000|  0%| F|  |TS  1|AC  0|TAMS 0x00000000d5e00000, 0x00000000d5e00000|
| 351|0x00000000d5f00000, 0x00000000d5f00000, 0x00000000d6000000|  0%| F|  |TS  1|AC  0|TAMS 0x00000000d5f00000, 0x00000000d5f00000|
| 352|0x00000000d6000000, 0x00000000d6000000, 0x00000000d6100000|  0%| F|  |TS  1|AC  0|TAMS 0x00000000d6000000, 0x00000000d6000000|
| 353|0x00000000d6100000, 0x00000000d6100000, 0x00000000d6200000|  0%| F|  |TS  1|AC  0|TAMS 0x00000000d6100000, 0x00000000d6100000|
| 354|0x00000000d6200000, 0x00000000d6200000, 0x00000000d6300000|  0%| F|  |TS  1|AC  0|TAMS 0x00000000d6200000, 0x00000000d6200000|
| 355|0x00000000d6300000, 0x00000000d6300000, 0x00000000d6400000|  0%| F|  |TS  1|AC  0|TAMS 0x00000000d6300000, 0x00000000d6300000|
| 356|0x00000000d6400000, 0x00000000d6400000, 0x00000000d6500000|  0%| F|  |TS  1|AC  0|TAMS 0x00000000d6400000, 0x00000000d6400000|
| 357|0x00000000d6500000, 0x00000000d6500000, 0x00000000d6600000|  0%| F|  |TS  1|AC  0|TAMS 0x00000000d6500000, 0x00000000d6500000|
| 358|0x00000000d6600000, 0x00000000d6600000, 0x00000000d6700000|  0%| F|  |TS  1|AC  0|TAMS 0x00000000d6600000, 0x00000000d6600000|
| 359|0x00000000d6700000, 0x00000000d6700000, 0x00000000d6800000|  0%| F|  |TS  1|AC  0|TAMS 0x00000000d6700000, 0x00000000d6700000|
| 360|0x00000000d6800000, 0x00000000d6800000, 0x00000000d6900000|  0%| F|  |TS  1|AC  0|TAMS 0x00000000d6800000, 0x00000000d6800000|
| 361|0x00000000d6900000, 0x00000000d6900000, 0x00000000d6a00000|  0%| F|  |TS  1|AC  0|TAMS 0x00000000d6900000, 0x00000000d6900000|
| 362|0x00000000d6a00000, 0x00000000d6a00000, 0x00000000d6b00000|  0%| F|  |TS  1|AC  0|TAMS 0x00000000d6a00000, 0x00000000d6a00000|
| 363|0x00000000d6b00000, 0x00000000d6b00000, 0x00000000d6c00000|  0%| F|  |TS  1|AC  0|TAMS 0x00000000d6b00000, 0x00000000d6b00000|
| 364|0x00000000d6c00000, 0x00000000d6c00000, 0x00000000d6d00000|  0%| F|  |TS  1|AC  0|TAMS 0x00000000d6c00000, 0x00000000d6c00000|
| 365|0x00000000d6d00000, 0x00000000d6d00000, 0x00000000d6e00000|  0%| F|  |TS  1|AC  0|TAMS 0x00000000d6d00000, 0x00000000d6d00000|
| 366|0x00000000d6e00000, 0x00000000d6e00000, 0x00000000d6f00000|  0%| F|  |TS  1|AC  0|TAMS 0x00000000d6e00000, 0x00000000d6e00000|
| 367|0x00000000d6f00000, 0x00000000d6f00000, 0x00000000d7000000|  0%| F|  |TS  1|AC  0|TAMS 0x00000000d6f00000, 0x00000000d6f00000|
| 368|0x00000000d7000000, 0x00000000d7000000, 0x00000000d7100000|  0%| F|  |TS  1|AC  0|TAMS 0x00000000d7000000, 0x00000000d7000000|
| 369|0x00000000d7100000, 0x00000000d7100800, 0x00000000d7200000|  0%| E|  |TS  1|AC  0|TAMS 0x00000000d7100000, 0x00000000d7100000|
| 370|0x00000000d7200000, 0x00000000d7300000, 0x00000000d7300000|100%| E|CS|TS  1|AC  0|TAMS 0x00000000d7200000, 0x00000000d7200000|
| 371|0x00000000d7300000, 0x00000000d7400000, 0x00000000d7400000|100%| E|CS|TS  1|AC  0|TAMS 0x00000000d7300000, 0x00000000d7300000|

Card table byte_map: [0x00007f0484c24000,0x00007f0484e24000] byte_map_base: 0x00007f0484624000

Marking Bits (Prev, Next): (CMBitMap*) 0x00007f048006ec10, (CMBitMap*) 0x00007f048006ec48
 Prev Bits: [0x00007f0464b48000, 0x00007f0465b48000)
 Next Bits: [0x00007f043f000000, 0x00007f0440000000)

Polling page: 0x00007f048986f000

CodeHeap 'non-profiled nmethods': size=120032Kb used=2029Kb max_used=2029Kb free=118002Kb
 bounds [0x00007f046d610000, 0x00007f046d880000, 0x00007f0474b48000]
CodeHeap 'profiled nmethods': size=120032Kb used=9871Kb max_used=9871Kb free=110160Kb
 bounds [0x00007f04660d8000, 0x00007f0466a88000, 0x00007f046d610000]
CodeHeap 'non-nmethods': size=5696Kb used=1320Kb max_used=1379Kb free=4376Kb
 bounds [0x00007f0465b48000, 0x00007f0465db8000, 0x00007f04660d8000]
 total_blobs=5570 nmethods=4207 adapters=465
 compilation: enabled

Compilation events (10 events):
Event: 6.384 Thread 0x00007f04801a2000 nmethod 4291 0x00007f0466a78610 code [0x00007f0466a787e0, 0x00007f0466a78a88]
Event: 6.384 Thread 0x00007f04801a2000 4287       2       org.eclipse.jdt.internal.core.search.indexing.AddJrtToIndex$JrtTraverser::visitFile (14 bytes)
Event: 6.384 Thread 0x00007f04801a2000 nmethod 4287 0x00007f0466a78c90 code [0x00007f0466a78e40, 0x00007f0466a79048]
Event: 6.384 Thread 0x00007f04801a2000 4288   !   2       org.eclipse.jdt.internal.core.search.indexing.AddJrtToIndex$JrtIndexer::visitFile (160 bytes)
Event: 6.396 Thread 0x00007f04801a2000 nmethod 4288 0x00007f0466a79110 code [0x00007f0466a79400, 0x00007f0466a79d98]
Event: 6.396 Thread 0x00007f04801a2000 4300       3       org.eclipse.jdt.internal.core.search.matching.MethodDeclarationPattern::getTypeErasure (122 bytes)
Event: 6.396 Thread 0x00007f04801a2000 nmethod 4300 0x00007f0466a7a690 code [0x00007f0466a7a8a0, 0x00007f0466a7afd8]
Event: 6.396 Thread 0x00007f04801a2000 4301       2       java.nio.file.Files::read (130 bytes)
Event: 6.397 Thread 0x00007f04801a2000 nmethod 4301 0x00007f0466a7b290 code [0x00007f0466a7b4a0, 0x00007f0466a7bc28]
Event: 6.397 Thread 0x00007f04801a2000 4294       2       org.eclipse.jdt.internal.core.util.Util::getJavaLikeExtensions (199 bytes)

GC Heap History (10 events):
Event: 2.177 GC heap after
{Heap after GC invocations=5 (full 0):
 garbage-first heap   total 380928K, used 18260K [0x00000000c0000000, 0x00000000c0100ba0, 0x0000000100000000)
  region size 1024K, 5 young (5120K), 5 survivors (5120K)
 Metaspace       used 25558K, capacity 27260K, committed 27392K, reserved 1073152K
  class space    used 2402K, capacity 2801K, committed 2816K, reserved 1048576K
}
Event: 2.528 GC heap before
{Heap before GC invocations=5 (full 0):
 garbage-first heap   total 380928K, used 59220K [0x00000000c0000000, 0x00000000c0100ba0, 0x0000000100000000)
  region size 1024K, 45 young (46080K), 5 survivors (5120K)
 Metaspace       used 26156K, capacity 27848K, committed 28032K, reserved 1075200K
  class space    used 2473K, capacity 2867K, committed 2944K, reserved 1048576K
}
Event: 2.547 GC heap after
{Heap after GC invocations=6 (full 0):
 garbage-first heap   total 380928K, used 22428K [0x00000000c0000000, 0x00000000c0100ba0, 0x0000000100000000)
  region size 1024K, 6 young (6144K), 6 survivors (6144K)
 Metaspace       used 26156K, capacity 27848K, committed 28032K, reserved 1075200K
  class space    used 2473K, capacity 2867K, committed 2944K, reserved 1048576K
}
Event: 3.000 GC heap before
{Heap before GC invocations=6 (full 0):
 garbage-first heap   total 380928K, used 80796K [0x00000000c0000000, 0x00000000c0100ba0, 0x0000000100000000)
  region size 1024K, 63 young (64512K), 6 survivors (6144K)
 Metaspace       used 26402K, capacity 28138K, committed 28288K, reserved 1075200K
  class space    used 2494K, capacity 2901K, committed 2944K, reserved 1048576K
}
Event: 3.020 GC heap after
{Heap after GC invocations=7 (full 0):
 garbage-first heap   total 380928K, used 26618K [0x00000000c0000000, 0x00000000c0100ba0, 0x0000000100000000)
  region size 1024K, 8 young (8192K), 8 survivors (8192K)
 Metaspace       used 26402K, capacity 28138K, committed 28288K, reserved 1075200K
  class space    used 2494K, capacity 2901K, committed 2944K, reserved 1048576K
}
Event: 4.219 GC heap before
{Heap before GC invocations=7 (full 0):
 garbage-first heap   total 380928K, used 108538K [0x00000000c0000000, 0x00000000c0100ba0, 0x0000000100000000)
  region size 1024K, 87 young (89088K), 8 survivors (8192K)
 Metaspace       used 30442K, capacity 32778K, committed 32896K, reserved 1079296K
  class space    used 2988K, capacity 3616K, committed 3712K, reserved 1048576K
}
Event: 4.250 GC heap after
{Heap after GC invocations=8 (full 0):
 garbage-first heap   total 380928K, used 36139K [0x00000000c0000000, 0x00000000c0100ba0, 0x0000000100000000)
  region size 1024K, 11 young (11264K), 11 survivors (11264K)
 Metaspace       used 30442K, capacity 32778K, committed 32896K, reserved 1079296K
  class space    used 2988K, capacity 3616K, committed 3712K, reserved 1048576K
}
Event: 4.663 GC heap before
{Heap before GC invocations=8 (full 0):
 garbage-first heap   total 380928K, used 51499K [0x00000000c0000000, 0x00000000c0100ba0, 0x0000000100000000)
  region size 1024K, 27 young (27648K), 11 survivors (11264K)
 Metaspace       used 33536K, capacity 35824K, committed 35920K, reserved 1081344K
  class space    used 3370K, capacity 4011K, committed 4096K, reserved 1048576K
}
Event: 4.693 GC heap after
{Heap after GC invocations=9 (full 0):
 garbage-first heap   total 380928K, used 39115K [0x00000000c0000000, 0x00000000c0100ba0, 0x0000000100000000)
  region size 1024K, 14 young (14336K), 14 survivors (14336K)
 Metaspace       used 33536K, capacity 35824K, committed 35920K, reserved 1081344K
  class space    used 3370K, capacity 4011K, committed 4096K, reserved 1048576K
}
Event: 6.400 GC heap before
{Heap before GC invocations=10 (full 0):
 garbage-first heap   total 380928K, used 247712K [0x00000000c0000000, 0x00000000c0100ba0, 0x0000000100000000)
  region size 1024K, 223 young (228352K), 14 survivors (14336K)
 Metaspace       used 39012K, capacity 41724K, committed 41984K, reserved 1087488K
  class space    used 3990K, capacity 4748K, committed 4864K, reserved 1048576K
}

Deoptimization events (10 events):
Event: 5.401 Thread 0x000000000253b000 Uncommon trap: reason=speculate_class_check action=maybe_recompile pc=0x00007f046d76bc90 method=java.nio.charset.CharsetDecoder.decode(Ljava/nio/ByteBuffer;Ljava/nio/CharBuffer;Z)Ljava/nio/charset/CoderResult; @ 57 c2
Event: 5.401 Thread 0x000000000253b000 Uncommon trap: reason=class_check action=maybe_recompile pc=0x00007f046d770c54 method=java.nio.charset.CharsetDecoder.decode(Ljava/nio/ByteBuffer;Ljava/nio/CharBuffer;Z)Ljava/nio/charset/CoderResult; @ 57 c2
Event: 5.401 Thread 0x000000000253b000 Uncommon trap: reason=speculate_class_check action=maybe_recompile pc=0x00007f046d76bc90 method=java.nio.charset.CharsetDecoder.decode(Ljava/nio/ByteBuffer;Ljava/nio/CharBuffer;Z)Ljava/nio/charset/CoderResult; @ 57 c2
Event: 5.413 Thread 0x000000000253b000 Uncommon trap: reason=unstable_if action=reinterpret pc=0x00007f046d6b4fc0 method=java.util.Properties$LineReader.readLine()I @ 284 c2
Event: 5.413 Thread 0x000000000253b000 Uncommon trap: reason=unstable_if action=reinterpret pc=0x00007f046d687d94 method=java.util.Properties$LineReader.readLine()I @ 284 c2
Event: 5.639 Thread 0x00007f03f41d8800 Uncommon trap: reason=unstable_if action=reinterpret pc=0x00007f046d6b8340 method=java.util.Properties.loadConvert([CII[C)Ljava/lang/String; @ 72 c2
Event: 5.646 Thread 0x00007f03f41d8800 Uncommon trap: reason=speculate_class_check action=maybe_recompile pc=0x00007f046d76bc90 method=java.nio.charset.CharsetDecoder.decode(Ljava/nio/ByteBuffer;Ljava/nio/CharBuffer;Z)Ljava/nio/charset/CoderResult; @ 57 c2
Event: 5.647 Thread 0x00007f03f41d8800 Uncommon trap: reason=class_check action=maybe_recompile pc=0x00007f046d770c54 method=java.nio.charset.CharsetDecoder.decode(Ljava/nio/ByteBuffer;Ljava/nio/CharBuffer;Z)Ljava/nio/charset/CoderResult; @ 57 c2
Event: 5.647 Thread 0x00007f03f41d8800 Uncommon trap: reason=speculate_class_check action=maybe_recompile pc=0x00007f046d762090 method=java.nio.charset.CharsetDecoder.decode(Ljava/nio/ByteBuffer;Ljava/nio/CharBuffer;Z)Ljava/nio/charset/CoderResult; @ 57 c2
Event: 5.647 Thread 0x00007f03f41d8800 Uncommon trap: reason=speculate_class_check action=maybe_recompile pc=0x00007f046d762090 method=java.nio.charset.CharsetDecoder.decode(Ljava/nio/ByteBuffer;Ljava/nio/CharBuffer;Z)Ljava/nio/charset/CoderResult; @ 57 c2

Classes redefined (0 events):
No events

Internal exceptions (10 events):
Event: 3.654 Thread 0x000000000253b000 Exception <a 'sun/nio/fs/UnixException'{0x00000000d3e90380}> (0x00000000d3e90380) thrown at [/scratch/HUDSON/workspace/9-2-build-linux-amd64-phase2/jdk9/6725/hotspot/src/share/vm/prims/jni.cpp, line 604]
Event: 3.700 Thread 0x000000000253b000 Exception <a 'sun/nio/fs/UnixException'{0x00000000d3dea508}> (0x00000000d3dea508) thrown at [/scratch/HUDSON/workspace/9-2-build-linux-amd64-phase2/jdk9/6725/hotspot/src/share/vm/prims/jni.cpp, line 604]
Event: 3.722 Thread 0x000000000253b000 Exception <a 'java/io/FileNotFoundException'{0x00000000d3ca76a0}> (0x00000000d3ca76a0) thrown at [/scratch/HUDSON/workspace/9-2-build-linux-amd64-phase2/jdk9/6725/hotspot/src/share/vm/prims/jni.cpp, line 604]
Event: 3.957 Thread 0x000000000253b000 Exception <a 'java/lang/NoSuchMethodError'{0x00000000d292a518}: java.lang.Object.lambda$union$1(Ljava/util/regex/Pattern$CharPredicate;I)Z> (0x00000000d292a518) thrown at [/scratch/HUDSON/workspace/9-2-build-linux-amd64-phase2/jdk9/6725/hotspot/src/share/
Event: 5.242 Thread 0x000000000253b000 Exception <a 'java/lang/NoClassDefFoundError'{0x00000000d42209c8}: com/google/inject/servlet/ServletModuleTargetVisitor> (0x00000000d42209c8) thrown at [/scratch/HUDSON/workspace/9-2-build-linux-amd64-phase2/jdk9/6725/hotspot/src/share/vm/classfile/system
Event: 5.243 Thread 0x000000000253b000 Exception <a 'java/lang/NoClassDefFoundError'{0x00000000d4226b68}: javax/annotation/Priority> (0x00000000d4226b68) thrown at [/scratch/HUDSON/workspace/9-2-build-linux-amd64-phase2/jdk9/6725/hotspot/src/share/vm/classfile/systemDictionary.cpp, line 207]
Event: 5.571 Thread 0x000000000253b000 Exception <a 'java/io/FileNotFoundException'{0x00000000d371e1b0}> (0x00000000d371e1b0) thrown at [/scratch/HUDSON/workspace/9-2-build-linux-amd64-phase2/jdk9/6725/hotspot/src/share/vm/prims/jni.cpp, line 604]
Event: 5.571 Thread 0x000000000253b000 Exception <a 'java/io/FileNotFoundException'{0x00000000d371f6b8}> (0x00000000d371f6b8) thrown at [/scratch/HUDSON/workspace/9-2-build-linux-amd64-phase2/jdk9/6725/hotspot/src/share/vm/prims/jni.cpp, line 604]
Event: 5.596 Thread 0x00007f04806cb000 Exception <a 'sun/nio/fs/UnixException'{0x00000000d73a85f0}> (0x00000000d73a85f0) thrown at [/scratch/HUDSON/workspace/9-2-build-linux-amd64-phase2/jdk9/6725/hotspot/src/share/vm/prims/jni.cpp, line 604]
Event: 5.645 Thread 0x00007f03f41d8800 Exception <a 'java/lang/ClassNotFoundException'{0x00000000d37fd1e0}: com/sun/org/apache/xml/internal/serializer/spi/XMLEntitiesProvider> (0x00000000d37fd1e0) thrown at [/scratch/HUDSON/workspace/9-2-build-linux-amd64-phase2/jdk9/6725/hotspot/src/share/vm/

Events (10 events):
Event: 6.323 Thread 0x00007f03f435c000 DEOPT UNPACKING pc=0x00007f0465b95aab sp=0x00007f03feee5638 mode 0
Event: 6.344 Thread 0x00007f03f435c000 DEOPT PACKING pc=0x00007f0466a39007 sp=0x00007f03feee6180
Event: 6.344 Thread 0x00007f03f435c000 DEOPT UNPACKING pc=0x00007f0465b95aab sp=0x00007f03feee5650 mode 0
Event: 6.358 Thread 0x00007f03f435c000 DEOPT PACKING pc=0x00007f0466a38ee4 sp=0x00007f03feee6180
Event: 6.358 Thread 0x00007f03f435c000 DEOPT UNPACKING pc=0x00007f0465b95aab sp=0x00007f03feee5660 mode 0
Event: 6.365 Thread 0x00007f03f435c000 DEOPT PACKING pc=0x00007f0466a119ba sp=0x00007f03feee5f50
Event: 6.365 Thread 0x00007f03f435c000 DEOPT UNPACKING pc=0x00007f0465b95aab sp=0x00007f03feee5410 mode 0
Event: 6.388 Thread 0x00007f03f435c000 DEOPT PACKING pc=0x00007f0466a45115 sp=0x00007f03feee5f30
Event: 6.388 Thread 0x00007f03f435c000 DEOPT UNPACKING pc=0x00007f0465b95aab sp=0x00007f03feee5348 mode 0
Event: 6.400 Executing VM operation: G1IncCollectionPause


Dynamic libraries:
00400000-00401000 r-xp 00000000 08:01 1060677                            /usr/lib/jvm/java-9-oracle/bin/java
00600000-00601000 rw-p 00000000 08:01 1060677                            /usr/lib/jvm/java-9-oracle/bin/java
02537000-025c9000 rw-p 00000000 00:00 0                                  [heap]
c0000000-d7400000 rw-p 00000000 00:00 0 
d7400000-100000000 ---p 00000000 00:00 0 
100000000-1004c0000 rw-p 00000000 00:00 0 
1004c0000-140000000 ---p 00000000 00:00 0 
7f03d4b48000-7f03e0000000 r--s 00000000 08:01 1059341                    /usr/lib/jvm/java-9-oracle/lib/modules
7f03e0000000-7f03e086b000 rw-p 00000000 00:00 0 
7f03e086b000-7f03e4000000 ---p 00000000 00:00 0 
7f03e8000000-7f03e8341000 rw-p 00000000 00:00 0 
7f03e8341000-7f03ec000000 ---p 00000000 00:00 0 
7f03ec000000-7f03ec0ac000 rw-p 00000000 00:00 0 
7f03ec0ac000-7f03f0000000 ---p 00000000 00:00 0 
7f03f0000000-7f03f0021000 rw-p 00000000 00:00 0 
7f03f0021000-7f03f4000000 ---p 00000000 00:00 0 
7f03f4000000-7f03f43a8000 rw-p 00000000 00:00 0 
7f03f43a8000-7f03f8000000 ---p 00000000 00:00 0 
7f03f8000000-7f03f8021000 rw-p 00000000 00:00 0 
7f03f8021000-7f03fc000000 ---p 00000000 00:00 0 
7f03fd5e1000-7f03fd621000 rw-p 00000000 00:00 0 
7f03fd621000-7f03fd7e1000 ---p 00000000 00:00 0 
7f03fd7e1000-7f03fd9e1000 rw-p 00000000 00:00 0 
7f03fd9e1000-7f03fd9e5000 ---p 00000000 00:00 0 
7f03fd9e5000-7f03fdce2000 rw-p 00000000 00:00 0 
7f03fdce2000-7f03fdee2000 rw-p 00000000 00:00 0 
7f03fdee2000-7f03fe0e2000 rw-p 00000000 00:00 0 
7f03fe0e2000-7f03fe2e2000 rw-p 00000000 00:00 0 
7f03fe2e2000-7f03fe2e6000 ---p 00000000 00:00 0 
7f03fe2e6000-7f03fe5e3000 rw-p 00000000 00:00 0 
7f03fe5e3000-7f03fe5e7000 ---p 00000000 00:00 0 
7f03fe5e7000-7f03fe8e4000 rw-p 00000000 00:00 0 
7f03fe8e4000-7f03fe8e8000 ---p 00000000 00:00 0 
7f03fe8e8000-7f03febe5000 rw-p 00000000 00:00 0 
7f03febe5000-7f03febe9000 ---p 00000000 00:00 0 
7f03febe9000-7f03fece6000 rw-p 00000000 00:00 0 
7f03fece6000-7f03fecea000 ---p 00000000 00:00 0 
7f03fecea000-7f03fede7000 rw-p 00000000 00:00 0 
7f03fede7000-7f03fedeb000 ---p 00000000 00:00 0 
7f03fedeb000-7f03ff0e8000 rw-p 00000000 00:00 0 
7f03ff0e8000-7f03ff0ec000 ---p 00000000 00:00 0 
7f03ff0ec000-7f03ff3e9000 rw-p 00000000 00:00 0 
7f03ff3e9000-7f03ff5e9000 rw-p 00000000 00:00 0 
7f03ff5e9000-7f03ff5ed000 ---p 00000000 00:00 0 
7f03ff5ed000-7f03ff8ea000 rw-p 00000000 00:00 0 
7f03ff8ea000-7f03ff8fb000 r-xp 00000000 08:06 14843966                   /home/chandru/.vscode/extensions/redhat.java-0.15.0/server/config_linux/org.eclipse.equinox.launcher/org.eclipse.equinox.launcher.gtk.linux.x86_64_1.1.550.v20170928-1359/eclipse_1629.so
7f03ff8fb000-7f03ffafa000 ---p 00011000 08:06 14843966                   /home/chandru/.vscode/extensions/redhat.java-0.15.0/server/config_linux/org.eclipse.equinox.launcher/org.eclipse.equinox.launcher.gtk.linux.x86_64_1.1.550.v20170928-1359/eclipse_1629.so
7f03ffafa000-7f03ffafb000 r--p 00010000 08:06 14843966                   /home/chandru/.vscode/extensions/redhat.java-0.15.0/server/config_linux/org.eclipse.equinox.launcher/org.eclipse.equinox.launcher.gtk.linux.x86_64_1.1.550.v20170928-1359/eclipse_1629.so
7f03ffafb000-7f03ffafc000 rw-p 00011000 08:06 14843966                   /home/chandru/.vscode/extensions/redhat.java-0.15.0/server/config_linux/org.eclipse.equinox.launcher/org.eclipse.equinox.launcher.gtk.linux.x86_64_1.1.550.v20170928-1359/eclipse_1629.so
7f03ffafc000-7f03ffafd000 rw-p 00000000 00:00 0 
7f03ffafd000-7f03ffb01000 ---p 00000000 00:00 0 
7f03ffb01000-7f03ffbfe000 rw-p 00000000 00:00 0 
7f03ffbfe000-7f03ffc02000 ---p 00000000 00:00 0 
7f03ffc02000-7f03ffcff000 rw-p 00000000 00:00 0 
7f03ffcff000-7f03ffd03000 ---p 00000000 00:00 0 
7f03ffd03000-7f0400000000 rw-p 00000000 00:00 0 
7f0400000000-7f0400021000 rw-p 00000000 00:00 0 
7f0400021000-7f0404000000 ---p 00000000 00:00 0 
7f0404000000-7f0404021000 rw-p 00000000 00:00 0 
7f0404021000-7f0408000000 ---p 00000000 00:00 0 
7f0408000000-7f0408021000 rw-p 00000000 00:00 0 
7f0408021000-7f040c000000 ---p 00000000 00:00 0 
7f040c000000-7f040c021000 rw-p 00000000 00:00 0 
7f040c021000-7f0410000000 ---p 00000000 00:00 0 
7f0410000000-7f0410c5d000 rw-p 00000000 00:00 0 
7f0410c5d000-7f0414000000 ---p 00000000 00:00 0 
7f0414000000-7f0414021000 rw-p 00000000 00:00 0 
7f0414021000-7f0418000000 ---p 00000000 00:00 0 
7f0418000000-7f041978a000 rw-p 00000000 00:00 0 
7f041978a000-7f041c000000 ---p 00000000 00:00 0 
7f041c000000-7f041d5c1000 rw-p 00000000 00:00 0 
7f041d5c1000-7f0420000000 ---p 00000000 00:00 0 
7f0420000000-7f0420021000 rw-p 00000000 00:00 0 
7f0420021000-7f0424000000 ---p 00000000 00:00 0 
7f0424000000-7f0424021000 rw-p 00000000 00:00 0 
7f0424021000-7f0428000000 ---p 00000000 00:00 0 
7f0428000000-7f042812f000 rw-p 00000000 00:00 0 
7f042812f000-7f042c000000 ---p 00000000 00:00 0 
7f042c000000-7f042c021000 rw-p 00000000 00:00 0 
7f042c021000-7f0430000000 ---p 00000000 00:00 0 
7f0430000000-7f0430021000 rw-p 00000000 00:00 0 
7f0430021000-7f0434000000 ---p 00000000 00:00 0 
7f0434000000-7f043418c000 rw-p 00000000 00:00 0 
7f043418c000-7f0438000000 ---p 00000000 00:00 0 
7f0438000000-7f0438021000 rw-p 00000000 00:00 0 
7f0438021000-7f043c000000 ---p 00000000 00:00 0 
7f043c0fa000-7f043c2fa000 rw-p 00000000 00:00 0 
7f043c2fa000-7f043c2fb000 ---p 00000000 00:00 0 
7f043c2fb000-7f043c3fb000 rw-p 00000000 00:00 0 
7f043c3fb000-7f043c3ff000 ---p 00000000 00:00 0 
7f043c3ff000-7f043c4fc000 rw-p 00000000 00:00 0 
7f043c4fc000-7f043c500000 ---p 00000000 00:00 0 
7f043c500000-7f043c5fd000 rw-p 00000000 00:00 0 
7f043c5fd000-7f043c613000 r-xp 00000000 08:01 1059321                    /usr/lib/jvm/java-9-oracle/lib/libnet.so
7f043c613000-7f043c813000 ---p 00016000 08:01 1059321                    /usr/lib/jvm/java-9-oracle/lib/libnet.so
7f043c813000-7f043c814000 rw-p 00016000 08:01 1059321                    /usr/lib/jvm/java-9-oracle/lib/libnet.so
7f043c814000-7f043c824000 r-xp 00000000 08:01 1059374                    /usr/lib/jvm/java-9-oracle/lib/libnio.so
7f043c824000-7f043ca24000 ---p 00010000 08:01 1059374                    /usr/lib/jvm/java-9-oracle/lib/libnio.so
7f043ca24000-7f043ca25000 rw-p 00010000 08:01 1059374                    /usr/lib/jvm/java-9-oracle/lib/libnio.so
7f043ca25000-7f043ca29000 ---p 00000000 00:00 0 
7f043ca29000-7f043cb26000 rw-p 00000000 00:00 0 
7f043cb26000-7f043cb2a000 ---p 00000000 00:00 0 
7f043cb2a000-7f043cc27000 rw-p 00000000 00:00 0 
7f043cc27000-7f043cc2b000 ---p 00000000 00:00 0 
7f043cc2b000-7f043cd28000 rw-p 00000000 00:00 0 
7f043cd28000-7f043d000000 r--p 00000000 08:01 1056420                    /usr/lib/locale/locale-archive
7f043d000000-7f043f000000 rwxp 00000000 00:00 0 
7f043f000000-7f043f5d0000 rw-p 00000000 00:00 0 
7f043f5d0000-7f0440000000 ---p 00000000 00:00 0 
7f0440000000-7f0440021000 rw-p 00000000 00:00 0 
7f0440021000-7f0444000000 ---p 00000000 00:00 0 
7f0444000000-7f0444021000 rw-p 00000000 00:00 0 
7f0444021000-7f0448000000 ---p 00000000 00:00 0 
7f0448000000-7f0448021000 rw-p 00000000 00:00 0 
7f0448021000-7f044c000000 ---p 00000000 00:00 0 
7f044c000000-7f044c021000 rw-p 00000000 00:00 0 
7f044c021000-7f0450000000 ---p 00000000 00:00 0 
7f0450000000-7f0450045000 rw-p 00000000 00:00 0 
7f0450045000-7f0454000000 ---p 00000000 00:00 0 
7f0454000000-7f0454021000 rw-p 00000000 00:00 0 
7f0454021000-7f0458000000 ---p 00000000 00:00 0 
7f0458000000-7f045802e000 rw-p 00000000 00:00 0 
7f045802e000-7f045c000000 ---p 00000000 00:00 0 
7f045c000000-7f045c021000 rw-p 00000000 00:00 0 
7f045c021000-7f0460000000 ---p 00000000 00:00 0 
7f0460000000-7f0460037000 rw-p 00000000 00:00 0 
7f0460037000-7f0464000000 ---p 00000000 00:00 0 
7f0464045000-7f0464049000 ---p 00000000 00:00 0 
7f0464049000-7f0464146000 rw-p 00000000 00:00 0 
7f0464146000-7f046414a000 ---p 00000000 00:00 0 
7f046414a000-7f0464247000 rw-p 00000000 00:00 0 
7f0464247000-7f046424b000 ---p 00000000 00:00 0 
7f046424b000-7f0465118000 rw-p 00000000 00:00 0 
7f0465118000-7f0465b48000 ---p 00000000 00:00 0 
7f0465b48000-7f0465db8000 rwxp 00000000 00:00 0 
7f0465db8000-7f04660d8000 ---p 00000000 00:00 0 
7f04660d8000-7f0466a88000 rwxp 00000000 00:00 0 
7f0466a88000-7f046d610000 ---p 00000000 00:00 0 
7f046d610000-7f046d880000 rwxp 00000000 00:00 0 
7f046d880000-7f0474b48000 ---p 00000000 00:00 0 
7f0474b48000-7f0480000000 r--s 00000000 08:01 1059341                    /usr/lib/jvm/java-9-oracle/lib/modules
7f0480000000-7f0480772000 rw-p 00000000 00:00 0 
7f0480772000-7f0484000000 ---p 00000000 00:00 0 
7f04840a5000-7f04840a9000 ---p 00000000 00:00 0 
7f04840a9000-7f04841a6000 rw-p 00000000 00:00 0 
7f04841a6000-7f04841a7000 ---p 00000000 00:00 0 
7f04841a7000-7f048431d000 rw-p 00000000 00:00 0 
7f048431d000-7f048431e000 ---p 00000000 00:00 0 
7f048431e000-7f0484822000 rw-p 00000000 00:00 0 
7f0484822000-7f0484823000 ---p 00000000 00:00 0 
7f0484823000-7f0484923000 rw-p 00000000 00:00 0 
7f0484923000-7f0484924000 ---p 00000000 00:00 0 
7f0484924000-7f0484ade000 rw-p 00000000 00:00 0 
7f0484ade000-7f0484c24000 ---p 00000000 00:00 0 
7f0484c24000-7f0484cde000 rw-p 00000000 00:00 0 
7f0484cde000-7f0485024000 ---p 00000000 00:00 0 
7f0485024000-7f04850de000 rw-p 00000000 00:00 0 
7f04850de000-7f0485224000 ---p 00000000 00:00 0 
7f0485224000-7f0485225000 ---p 00000000 00:00 0 
7f0485225000-7f0485325000 rw-p 00000000 00:00 0 
7f0485325000-7f0485326000 ---p 00000000 00:00 0 
7f0485326000-7f0485426000 rw-p 00000000 00:00 0 
7f0485426000-7f0485427000 ---p 00000000 00:00 0 
7f0485427000-7f0485527000 rw-p 00000000 00:00 0 
7f0485527000-7f0485528000 ---p 00000000 00:00 0 
7f0485528000-7f0485628000 rw-p 00000000 00:00 0 
7f0485628000-7f0485629000 ---p 00000000 00:00 0 
7f0485629000-7f0485b2d000 rw-p 00000000 00:00 0 
7f0485b2d000-7f0485b2e000 ---p 00000000 00:00 0 
7f0485b2e000-7f0485c2e000 rw-p 00000000 00:00 0 
7f0485c2e000-7f0485c2f000 ---p 00000000 00:00 0 
7f0485c2f000-7f0485d2f000 rw-p 00000000 00:00 0 
7f0485d2f000-7f0485d30000 ---p 00000000 00:00 0 
7f0485d30000-7f0485e30000 rw-p 00000000 00:00 0 
7f0485e30000-7f0485e31000 ---p 00000000 00:00 0 
7f0485e31000-7f0485f36000 rw-p 00000000 00:00 0 
7f0485f36000-7f048601c000 ---p 00000000 00:00 0 
7f048601c000-7f0486030000 rw-p 00000000 00:00 0 
7f0486030000-7f0486107000 ---p 00000000 00:00 0 
7f0486107000-7f0486121000 r-xp 00000000 08:01 1060241                    /usr/lib/jvm/java-9-oracle/lib/libjimage.so
7f0486121000-7f0486320000 ---p 0001a000 08:01 1060241                    /usr/lib/jvm/java-9-oracle/lib/libjimage.so
7f0486320000-7f0486322000 rw-p 00019000 08:01 1060241                    /usr/lib/jvm/java-9-oracle/lib/libjimage.so
7f0486322000-7f0486334000 rw-p 00000000 00:00 0 
7f0486334000-7f048633b000 r-xp 00000000 08:01 1060215                    /usr/lib/jvm/java-9-oracle/lib/libzip.so
7f048633b000-7f048653a000 ---p 00007000 08:01 1060215                    /usr/lib/jvm/java-9-oracle/lib/libzip.so
7f048653a000-7f048653b000 rw-p 00006000 08:01 1060215                    /usr/lib/jvm/java-9-oracle/lib/libzip.so
7f048653b000-7f0486546000 r-xp 00000000 08:01 1585797                    /lib/x86_64-linux-gnu/libnss_files-2.23.so
7f0486546000-7f0486745000 ---p 0000b000 08:01 1585797                    /lib/x86_64-linux-gnu/libnss_files-2.23.so
7f0486745000-7f0486746000 r--p 0000a000 08:01 1585797                    /lib/x86_64-linux-gnu/libnss_files-2.23.so
7f0486746000-7f0486747000 rw-p 0000b000 08:01 1585797                    /lib/x86_64-linux-gnu/libnss_files-2.23.so
7f0486747000-7f048674d000 rw-p 00000000 00:00 0 
7f048674d000-7f0486758000 r-xp 00000000 08:01 1585800                    /lib/x86_64-linux-gnu/libnss_nis-2.23.so
7f0486758000-7f0486957000 ---p 0000b000 08:01 1585800                    /lib/x86_64-linux-gnu/libnss_nis-2.23.so
7f0486957000-7f0486958000 r--p 0000a000 08:01 1585800                    /lib/x86_64-linux-gnu/libnss_nis-2.23.so
7f0486958000-7f0486959000 rw-p 0000b000 08:01 1585800                    /lib/x86_64-linux-gnu/libnss_nis-2.23.so
7f0486959000-7f048696f000 r-xp 00000000 08:01 1585783                    /lib/x86_64-linux-gnu/libnsl-2.23.so
7f048696f000-7f0486b6e000 ---p 00016000 08:01 1585783                    /lib/x86_64-linux-gnu/libnsl-2.23.so
7f0486b6e000-7f0486b6f000 r--p 00015000 08:01 1585783                    /lib/x86_64-linux-gnu/libnsl-2.23.so
7f0486b6f000-7f0486b70000 rw-p 00016000 08:01 1585783                    /lib/x86_64-linux-gnu/libnsl-2.23.so
7f0486b70000-7f0486b72000 rw-p 00000000 00:00 0 
7f0486b72000-7f0486b7a000 r-xp 00000000 08:01 1585806                    /lib/x86_64-linux-gnu/libnss_compat-2.23.so
7f0486b7a000-7f0486d79000 ---p 00008000 08:01 1585806                    /lib/x86_64-linux-gnu/libnss_compat-2.23.so
7f0486d79000-7f0486d7a000 r--p 00007000 08:01 1585806                    /lib/x86_64-linux-gnu/libnss_compat-2.23.so
7f0486d7a000-7f0486d7b000 rw-p 00008000 08:01 1585806                    /lib/x86_64-linux-gnu/libnss_compat-2.23.so
7f0486d7b000-7f0486da6000 r-xp 00000000 08:01 1060142                    /usr/lib/jvm/java-9-oracle/lib/libjava.so
7f0486da6000-7f0486fa5000 ---p 0002b000 08:01 1060142                    /usr/lib/jvm/java-9-oracle/lib/libjava.so
7f0486fa5000-7f0486fa7000 rw-p 0002a000 08:01 1060142                    /usr/lib/jvm/java-9-oracle/lib/libjava.so
7f0486fa7000-7f0486fb4000 r-xp 00000000 08:01 1059331                    /usr/lib/jvm/java-9-oracle/lib/libverify.so
7f0486fb4000-7f04871b3000 ---p 0000d000 08:01 1059331                    /usr/lib/jvm/java-9-oracle/lib/libverify.so
7f04871b3000-7f04871b5000 rw-p 0000c000 08:01 1059331                    /usr/lib/jvm/java-9-oracle/lib/libverify.so
7f04871b5000-7f04871bc000 r-xp 00000000 08:01 1585802                    /lib/x86_64-linux-gnu/librt-2.23.so
7f04871bc000-7f04873bb000 ---p 00007000 08:01 1585802                    /lib/x86_64-linux-gnu/librt-2.23.so
7f04873bb000-7f04873bc000 r--p 00006000 08:01 1585802                    /lib/x86_64-linux-gnu/librt-2.23.so
7f04873bc000-7f04873bd000 rw-p 00007000 08:01 1585802                    /lib/x86_64-linux-gnu/librt-2.23.so
7f04873bd000-7f04874c5000 r-xp 00000000 08:01 1585811                    /lib/x86_64-linux-gnu/libm-2.23.so
7f04874c5000-7f04876c4000 ---p 00108000 08:01 1585811                    /lib/x86_64-linux-gnu/libm-2.23.so
7f04876c4000-7f04876c5000 r--p 00107000 08:01 1585811                    /lib/x86_64-linux-gnu/libm-2.23.so
7f04876c5000-7f04876c6000 rw-p 00108000 08:01 1585811                    /lib/x86_64-linux-gnu/libm-2.23.so
7f04876c6000-7f04886c9000 r-xp 00000000 08:01 1060136                    /usr/lib/jvm/java-9-oracle/lib/server/libjvm.so
7f04886c9000-7f04888c8000 ---p 01003000 08:01 1060136                    /usr/lib/jvm/java-9-oracle/lib/server/libjvm.so
7f04888c8000-7f0488999000 r--p 01002000 08:01 1060136                    /usr/lib/jvm/java-9-oracle/lib/server/libjvm.so
7f0488999000-7f04889d0000 rw-p 010d3000 08:01 1060136                    /usr/lib/jvm/java-9-oracle/lib/server/libjvm.so
7f04889d0000-7f0488a39000 rw-p 00000000 00:00 0 
7f0488a39000-7f0488bf9000 r-xp 00000000 08:01 1585816                    /lib/x86_64-linux-gnu/libc-2.23.so
7f0488bf9000-7f0488df9000 ---p 001c0000 08:01 1585816                    /lib/x86_64-linux-gnu/libc-2.23.so
7f0488df9000-7f0488dfd000 r--p 001c0000 08:01 1585816                    /lib/x86_64-linux-gnu/libc-2.23.so
7f0488dfd000-7f0488dff000 rw-p 001c4000 08:01 1585816                    /lib/x86_64-linux-gnu/libc-2.23.so
7f0488dff000-7f0488e03000 rw-p 00000000 00:00 0 
7f0488e03000-7f0488e06000 r-xp 00000000 08:01 1585805                    /lib/x86_64-linux-gnu/libdl-2.23.so
7f0488e06000-7f0489005000 ---p 00003000 08:01 1585805                    /lib/x86_64-linux-gnu/libdl-2.23.so
7f0489005000-7f0489006000 r--p 00002000 08:01 1585805                    /lib/x86_64-linux-gnu/libdl-2.23.so
7f0489006000-7f0489007000 rw-p 00003000 08:01 1585805                    /lib/x86_64-linux-gnu/libdl-2.23.so
7f0489007000-7f0489015000 r-xp 00000000 08:01 1059330                    /usr/lib/jvm/java-9-oracle/lib/jli/libjli.so
7f0489015000-7f0489215000 ---p 0000e000 08:01 1059330                    /usr/lib/jvm/java-9-oracle/lib/jli/libjli.so
7f0489215000-7f0489216000 rw-p 0000e000 08:01 1059330                    /usr/lib/jvm/java-9-oracle/lib/jli/libjli.so
7f0489216000-7f048922e000 r-xp 00000000 08:01 1585799                    /lib/x86_64-linux-gnu/libpthread-2.23.so
7f048922e000-7f048942d000 ---p 00018000 08:01 1585799                    /lib/x86_64-linux-gnu/libpthread-2.23.so
7f048942d000-7f048942e000 r--p 00017000 08:01 1585799                    /lib/x86_64-linux-gnu/libpthread-2.23.so
7f048942e000-7f048942f000 rw-p 00018000 08:01 1585799                    /lib/x86_64-linux-gnu/libpthread-2.23.so
7f048942f000-7f0489433000 rw-p 00000000 00:00 0 
7f0489433000-7f048944c000 r-xp 00000000 08:01 1577984                    /lib/x86_64-linux-gnu/libz.so.1.2.8
7f048944c000-7f048964b000 ---p 00019000 08:01 1577984                    /lib/x86_64-linux-gnu/libz.so.1.2.8
7f048964b000-7f048964c000 r--p 00018000 08:01 1577984                    /lib/x86_64-linux-gnu/libz.so.1.2.8
7f048964c000-7f048964d000 rw-p 00019000 08:01 1577984                    /lib/x86_64-linux-gnu/libz.so.1.2.8
7f048964d000-7f0489673000 r-xp 00000000 08:01 1585794                    /lib/x86_64-linux-gnu/ld-2.23.so
7f0489696000-7f048969a000 ---p 00000000 00:00 0 
7f048969a000-7f0489753000 rw-p 00000000 00:00 0 
7f0489753000-7f0489758000 ---p 00000000 00:00 0 
7f0489758000-7f0489858000 rw-p 00000000 00:00 0 
7f0489859000-7f048985f000 rw-p 00000000 00:00 0 
7f048985f000-7f0489866000 ---p 00000000 00:00 0 
7f0489866000-7f048986e000 rw-s 00000000 08:01 2643117                    /tmp/hsperfdata_chandru/4530
7f048986e000-7f048986f000 rw-p 00000000 00:00 0 
7f048986f000-7f0489870000 ---p 00000000 00:00 0 
7f0489870000-7f0489872000 rw-p 00000000 00:00 0 
7f0489872000-7f0489873000 r--p 00025000 08:01 1585794                    /lib/x86_64-linux-gnu/ld-2.23.so
7f0489873000-7f0489874000 rw-p 00026000 08:01 1585794                    /lib/x86_64-linux-gnu/ld-2.23.so
7f0489874000-7f0489875000 rw-p 00000000 00:00 0 
7ffe0fa81000-7ffe0faa2000 rw-p 00000000 00:00 0                          [stack]
7ffe0fb9b000-7ffe0fb9d000 r--p 00000000 00:00 0                          [vvar]
7ffe0fb9d000-7ffe0fb9f000 r-xp 00000000 00:00 0                          [vdso]
ffffffffff600000-ffffffffff601000 r-xp 00000000 00:00 0                  [vsyscall]

VM Arguments:
jvm_args: --add-modules=ALL-SYSTEM --add-opens=java.base/java.util=ALL-UNNAMED --add-opens=java.base/java.lang=ALL-UNNAMED -Declipse.application=org.eclipse.jdt.ls.core.id1 -Dosgi.bundles.defaultStartLevel=4 -Declipse.product=org.eclipse.jdt.ls.core.product -Xverify:none -Xmx1G -XX:+UseG1GC -XX:+UseStringDeduplication 
java_command: /home/chandru/.vscode/extensions/redhat.java-0.15.0/server/plugins/org.eclipse.equinox.launcher_1.4.0.v20161219-1356.jar -configuration /home/chandru/.vscode/extensions/redhat.java-0.15.0/server/config_linux -data /home/chandru/.config/Code/User/workspaceStorage/eb80eea0ba24351ec162cf269c5d9f07/redhat.java/jdt_ws
java_class_path (initial): /home/chandru/.vscode/extensions/redhat.java-0.15.0/server/plugins/org.eclipse.equinox.launcher_1.4.0.v20161219-1356.jar
Launcher Type: SUN_STANDARD

Logging:
Log output configuration:
#0: stdout all=warning uptime,level,tags
#1: stderr all=off uptime,level,tags

Environment Variables:
JAVA_HOME=/usr/lib/jvm/java-9-oracle
PATH=/home/chandru/bin:/home/chandru/.local/bin:/home/chandru/bin:/home/chandru/.local/bin:/usr/local/sbin:/usr/local/bin:/usr/sbin:/usr/bin:/sbin:/bin:/usr/games:/usr/local/games:/snap/bin:/usr/lib/jvm/java-9-oracle/bin:/usr/lib/jvm/java-9-oracle/db/bin:/snap/bin:/usr/lib/jvm/java-9-oracle/bin:/usr/lib/jvm/java-9-oracle/db/bin
SHELL=/bin/bash
DISPLAY=:0

Signal Handlers:
SIGSEGV: [libjvm.so+0xd4ce50], sa_mask[0]=11111111011111111101111111111110, sa_flags=SA_RESTART|SA_SIGINFO
SIGBUS: [libjvm.so+0xd4ce50], sa_mask[0]=11111111011111111101111111111110, sa_flags=SA_RESTART|SA_SIGINFO
SIGFPE: [libjvm.so+0xd4ce50], sa_mask[0]=11111111011111111101111111111110, sa_flags=SA_RESTART|SA_SIGINFO
SIGPIPE: [libjvm.so+0xb64420], sa_mask[0]=11111111011111111101111111111110, sa_flags=SA_RESTART|SA_SIGINFO
SIGXFSZ: [libjvm.so+0xb64420], sa_mask[0]=11111111011111111101111111111110, sa_flags=SA_RESTART|SA_SIGINFO
SIGILL: [libjvm.so+0xd4ce50], sa_mask[0]=11111111011111111101111111111110, sa_flags=SA_RESTART|SA_SIGINFO
SIGUSR2: [libjvm.so+0xb642e0], sa_mask[0]=00000000000000000000000000000000, sa_flags=SA_RESTART|SA_SIGINFO
SIGHUP: [libjvm.so+0xb644f0], sa_mask[0]=11111111011111111101111111111110, sa_flags=SA_RESTART|SA_SIGINFO
SIGINT: SIG_IGN, sa_mask[0]=00000000000000000000000000000000, sa_flags=none
SIGTERM: [libjvm.so+0xb644f0], sa_mask[0]=11111111011111111101111111111110, sa_flags=SA_RESTART|SA_SIGINFO
SIGQUIT: [libjvm.so+0xb644f0], sa_mask[0]=11111111011111111101111111111110, sa_flags=SA_RESTART|SA_SIGINFO


---------------  S Y S T E M  ---------------

OS:DISTRIB_ID=Ubuntu
DISTRIB_RELEASE=16.04
DISTRIB_CODENAME=xenial
DISTRIB_DESCRIPTION="Ubuntu 16.04.2 LTS"
uname:Linux 4.10.0-40-generic #44~16.04.1-Ubuntu SMP Thu Nov 9 15:37:44 UTC 2017 x86_64
libc:glibc 2.23 NPTL 2.23 
rlimit: STACK 8192k, CORE 0k, NPROC 31383, NOFILE 65536, AS infinity
load average:2.55 1.19 0.69

/proc/meminfo:
MemTotal:        8078800 kB
MemFree:         3322944 kB
MemAvailable:    5223112 kB
Buffers:           94448 kB
Cached:          2257036 kB
SwapCached:            0 kB
Active:          2824304 kB
Inactive:        1675688 kB
Active(anon):    2149840 kB
Inactive(anon):   279520 kB
Active(file):     674464 kB
Inactive(file):  1396168 kB
Unevictable:         424 kB
Mlocked:             424 kB
SwapTotal:      15624188 kB
SwapFree:       15624188 kB
Dirty:             12768 kB
Writeback:             0 kB
AnonPages:       2103108 kB
Mapped:           454896 kB
Shmem:            280856 kB
Slab:             136556 kB
SReclaimable:      98892 kB
SUnreclaim:        37664 kB
KernelStack:       11136 kB
PageTables:        43072 kB
NFS_Unstable:          0 kB
Bounce:                0 kB
WritebackTmp:          0 kB
CommitLimit:    19663588 kB
Committed_AS:    6926144 kB
VmallocTotal:   34359738367 kB
VmallocUsed:           0 kB
VmallocChunk:          0 kB
HardwareCorrupted:     0 kB
AnonHugePages:    892928 kB
ShmemHugePages:        0 kB
ShmemPmdMapped:        0 kB
CmaTotal:              0 kB
CmaFree:               0 kB
HugePages_Total:       0
HugePages_Free:        0
HugePages_Rsvd:        0
HugePages_Surp:        0
Hugepagesize:       2048 kB
DirectMap4k:      133400 kB
DirectMap2M:     8161280 kB


CPU:total 4 (initial active 4) (2 cores per cpu, 2 threads per core) family 6 model 42 stepping 7, cmov, cx8, fxsr, mmx, sse, sse2, sse3, ssse3, sse4.1, sse4.2, popcnt, avx, aes, clmul, ht, tsc, tscinvbit
CPU Model and flags from /proc/cpuinfo:
model name	: Intel(R) Core(TM) i5-2430M CPU @ 2.40GHz
flags		: fpu vme de pse tsc msr pae mce cx8 apic sep mtrr pge mca cmov pat pse36 clflush dts acpi mmx fxsr sse sse2 ss ht tm pbe syscall nx rdtscp lm constant_tsc arch_perfmon pebs bts rep_good nopl xtopology nonstop_tsc aperfmperf pni pclmulqdq dtes64 monitor ds_cpl vmx est tm2 ssse3 cx16 xtpr pdcm pcid sse4_1 sse4_2 x2apic popcnt tsc_deadline_timer aes xsave avx lahf_lm epb tpr_shadow vnmi flexpriority ept vpid xsaveopt dtherm ida arat pln pts

Memory: 4k page, physical 8078800k(3322944k free), swap 15624188k(15624188k free)

vm_info: Java HotSpot(TM) 64-Bit Server VM (9+181) for linux-amd64 JRE (9+181), built on Aug  3 2017 04:03:00 by "javare" with gcc 4.9.2

END.
